{"E:\\Zenly-Ecosystem\\app\\app.vue": {"path":"E:\\Zenly-Ecosystem\\app\\app.vue","statementMap":{},"fnMap":{},"branchMap":{},"s":{},"f":{},"b":{},"meta":{"lastBranch":0,"lastFunction":0,"lastStatement":0,"seen":{},"fnNames":{}}}
,"E:\\Zenly-Ecosystem\\app\\composables\\useAdminMenu.ts": {"path":"E:\\Zenly-Ecosystem\\app\\composables\\useAdminMenu.ts","statementMap":{"0":{"start":{"line":8,"column":40},"end":{"line":12,"column":null}},"1":{"start":{"line":14,"column":43},"end":{"line":19,"column":null}},"2":{"start":{"line":22,"column":2},"end":{"line":24,"column":null}},"3":{"start":{"line":23,"column":4},"end":{"line":23,"column":null}},"4":{"start":{"line":25,"column":2},"end":{"line":25,"column":null}}},"fnMap":{"0":{"name":"useAdminMenu","decl":{"start":{"line":21,"column":16},"end":{"line":21,"column":29}},"loc":{"start":{"line":21,"column":63},"end":{"line":26,"column":null}},"line":21}},"branchMap":{"0":{"loc":{"start":{"line":22,"column":2},"end":{"line":24,"column":null}},"type":"if","locations":[{"start":{"line":22,"column":2},"end":{"line":24,"column":null}},{"start":{},"end":{}}],"line":22}},"s":{"0":1,"1":1,"2":4,"3":3,"4":1},"f":{"0":4},"b":{"0":[3,1]},"meta":{"lastBranch":1,"lastFunction":1,"lastStatement":5,"seen":{"s:8:40:12:Infinity":0,"s:14:43:19:Infinity":1,"f:21:16:21:29":0,"b:22:2:24:Infinity:undefined:undefined:undefined:undefined":0,"s:22:2:24:Infinity":2,"s:23:4:23:Infinity":3,"s:25:2:25:Infinity":4},"fnNames":{}}}
,"E:\\Zenly-Ecosystem\\app\\composables\\useAdminTotpSetup.ts": {"path":"E:\\Zenly-Ecosystem\\app\\composables\\useAdminTotpSetup.ts","statementMap":{"0":{"start":{"line":23,"column":40},"end":{"line":23,"column":null}},"1":{"start":{"line":24,"column":44},"end":{"line":24,"column":null}},"2":{"start":{"line":25,"column":23},"end":{"line":25,"column":null}},"3":{"start":{"line":27,"column":16},"end":{"line":27,"column":null}},"4":{"start":{"line":28,"column":19},"end":{"line":28,"column":null}},"5":{"start":{"line":29,"column":15},"end":{"line":29,"column":null}},"6":{"start":{"line":30,"column":24},"end":{"line":30,"column":null}},"7":{"start":{"line":33,"column":4},"end":{"line":33,"column":null}},"8":{"start":{"line":34,"column":4},"end":{"line":34,"column":null}},"9":{"start":{"line":35,"column":4},"end":{"line":44,"column":null}},"10":{"start":{"line":36,"column":6},"end":{"line":36,"column":null}},"11":{"start":{"line":37,"column":21},"end":{"line":37,"column":null}},"12":{"start":{"line":38,"column":6},"end":{"line":38,"column":null}},"13":{"start":{"line":39,"column":6},"end":{"line":39,"column":null}},"14":{"start":{"line":40,"column":6},"end":{"line":40,"column":null}},"15":{"start":{"line":42,"column":6},"end":{"line":42,"column":null}},"16":{"start":{"line":43,"column":6},"end":{"line":43,"column":null}},"17":{"start":{"line":48,"column":4},"end":{"line":48,"column":null}},"18":{"start":{"line":49,"column":4},"end":{"line":49,"column":null}},"19":{"start":{"line":50,"column":4},"end":{"line":57,"column":null}},"20":{"start":{"line":51,"column":6},"end":{"line":51,"column":null}},"21":{"start":{"line":52,"column":6},"end":{"line":52,"column":null}},"22":{"start":{"line":53,"column":6},"end":{"line":53,"column":null}},"23":{"start":{"line":55,"column":6},"end":{"line":55,"column":null}},"24":{"start":{"line":56,"column":6},"end":{"line":56,"column":null}},"25":{"start":{"line":60,"column":2},"end":{"line":70,"column":null}}},"fnMap":{"0":{"name":"useAdminTotpSetup","decl":{"start":{"line":18,"column":16},"end":{"line":18,"column":34}},"loc":{"start":{"line":22,"column":3},"end":{"line":71,"column":null}},"line":22},"1":{"name":"submitLogin","decl":{"start":{"line":32,"column":17},"end":{"line":32,"column":31}},"loc":{"start":{"line":32,"column":31},"end":{"line":45,"column":null}},"line":32},"2":{"name":"submitActivate","decl":{"start":{"line":47,"column":17},"end":{"line":47,"column":34}},"loc":{"start":{"line":47,"column":34},"end":{"line":58,"column":null}},"line":47}},"branchMap":{},"s":{"0":5,"1":5,"2":5,"3":5,"4":5,"5":5,"6":5,"7":2,"8":2,"9":2,"10":2,"11":1,"12":1,"13":1,"14":1,"15":1,"16":1,"17":2,"18":2,"19":2,"20":2,"21":1,"22":1,"23":1,"24":1,"25":5},"f":{"0":5,"1":2,"2":2},"b":{},"meta":{"lastBranch":0,"lastFunction":3,"lastStatement":26,"seen":{"f:18:16:18:34":0,"s:23:40:23:Infinity":0,"s:24:44:24:Infinity":1,"s:25:23:25:Infinity":2,"s:27:16:27:Infinity":3,"s:28:19:28:Infinity":4,"s:29:15:29:Infinity":5,"s:30:24:30:Infinity":6,"f:32:17:32:31":1,"s:33:4:33:Infinity":7,"s:34:4:34:Infinity":8,"s:35:4:44:Infinity":9,"s:36:6:36:Infinity":10,"s:37:21:37:Infinity":11,"s:38:6:38:Infinity":12,"s:39:6:39:Infinity":13,"s:40:6:40:Infinity":14,"s:42:6:42:Infinity":15,"s:43:6:43:Infinity":16,"f:47:17:47:34":2,"s:48:4:48:Infinity":17,"s:49:4:49:Infinity":18,"s:50:4:57:Infinity":19,"s:51:6:51:Infinity":20,"s:52:6:52:Infinity":21,"s:53:6:53:Infinity":22,"s:55:6:55:Infinity":23,"s:56:6:56:Infinity":24,"s:60:2:70:Infinity":25},"fnNames":{}}}
,"E:\\Zenly-Ecosystem\\app\\composables\\useFeatureFlags.ts": {"path":"E:\\Zenly-Ecosystem\\app\\composables\\useFeatureFlags.ts","statementMap":{"0":{"start":{"line":25,"column":42},"end":{"line":25,"column":null}},"1":{"start":{"line":26,"column":40},"end":{"line":26,"column":null}},"2":{"start":{"line":27,"column":23},"end":{"line":27,"column":null}},"3":{"start":{"line":28,"column":25},"end":{"line":28,"column":null}},"4":{"start":{"line":31,"column":4},"end":{"line":31,"column":null}},"5":{"start":{"line":32,"column":4},"end":{"line":32,"column":null}},"6":{"start":{"line":33,"column":4},"end":{"line":40,"column":null}},"7":{"start":{"line":34,"column":21},"end":{"line":34,"column":null}},"8":{"start":{"line":35,"column":6},"end":{"line":35,"column":null}},"9":{"start":{"line":36,"column":6},"end":{"line":36,"column":null}},"10":{"start":{"line":38,"column":6},"end":{"line":38,"column":null}},"11":{"start":{"line":39,"column":6},"end":{"line":39,"column":null}},"12":{"start":{"line":44,"column":4},"end":{"line":44,"column":null}},"13":{"start":{"line":45,"column":4},"end":{"line":57,"column":null}},"14":{"start":{"line":46,"column":22},"end":{"line":49,"column":null}},"15":{"start":{"line":50,"column":20},"end":{"line":50,"column":null}},"16":{"start":{"line":50,"column":52},"end":{"line":50,"column":73}},"17":{"start":{"line":51,"column":6},"end":{"line":53,"column":null}},"18":{"start":{"line":52,"column":8},"end":{"line":52,"column":null}},"19":{"start":{"line":55,"column":6},"end":{"line":55,"column":null}},"20":{"start":{"line":56,"column":6},"end":{"line":56,"column":null}},"21":{"start":{"line":60,"column":2},"end":{"line":60,"column":null}}},"fnMap":{"0":{"name":"useFeatureFlags","decl":{"start":{"line":21,"column":16},"end":{"line":21,"column":32}},"loc":{"start":{"line":24,"column":3},"end":{"line":61,"column":null}},"line":24},"1":{"name":"load","decl":{"start":{"line":30,"column":17},"end":{"line":30,"column":24}},"loc":{"start":{"line":30,"column":24},"end":{"line":41,"column":null}},"line":30},"2":{"name":"toggle","decl":{"start":{"line":43,"column":17},"end":{"line":43,"column":24}},"loc":{"start":{"line":43,"column":47},"end":{"line":58,"column":null}},"line":43},"3":{"name":"(anonymous_3)","decl":{"start":{"line":50,"column":32},"end":{"line":50,"column":43}},"loc":{"start":{"line":50,"column":52},"end":{"line":50,"column":73}},"line":50}},"branchMap":{"0":{"loc":{"start":{"line":36,"column":21},"end":{"line":36,"column":null}},"type":"cond-expr","locations":[{"start":{"line":36,"column":43},"end":{"line":36,"column":53}},{"start":{"line":36,"column":53},"end":{"line":36,"column":null}}],"line":36},"1":{"loc":{"start":{"line":51,"column":6},"end":{"line":53,"column":null}},"type":"if","locations":[{"start":{"line":51,"column":6},"end":{"line":53,"column":null}},{"start":{},"end":{}}],"line":51}},"s":{"0":6,"1":6,"2":6,"3":6,"4":6,"5":6,"6":6,"7":6,"8":5,"9":5,"10":1,"11":1,"12":2,"13":2,"14":2,"15":1,"16":1,"17":1,"18":1,"19":1,"20":1,"21":6},"f":{"0":6,"1":6,"2":2,"3":1},"b":{"0":[1,4],"1":[1,0]},"meta":{"lastBranch":2,"lastFunction":4,"lastStatement":22,"seen":{"f:21:16:21:32":0,"s:25:42:25:Infinity":0,"s:26:40:26:Infinity":1,"s:27:23:27:Infinity":2,"s:28:25:28:Infinity":3,"f:30:17:30:24":1,"s:31:4:31:Infinity":4,"s:32:4:32:Infinity":5,"s:33:4:40:Infinity":6,"s:34:21:34:Infinity":7,"s:35:6:35:Infinity":8,"s:36:6:36:Infinity":9,"b:36:43:36:53:36:53:36:Infinity":0,"s:38:6:38:Infinity":10,"s:39:6:39:Infinity":11,"f:43:17:43:24":2,"s:44:4:44:Infinity":12,"s:45:4:57:Infinity":13,"s:46:22:49:Infinity":14,"s:50:20:50:Infinity":15,"f:50:32:50:43":3,"s:50:52:50:73":16,"b:51:6:53:Infinity:undefined:undefined:undefined:undefined":1,"s:51:6:53:Infinity":17,"s:52:8:52:Infinity":18,"s:55:6:55:Infinity":19,"s:56:6:56:Infinity":20,"s:60:2:60:Infinity":21},"fnNames":{}}}
,"E:\\Zenly-Ecosystem\\app\\composables\\useForgotPasswordForm.ts": {"path":"E:\\Zenly-Ecosystem\\app\\composables\\useForgotPasswordForm.ts","statementMap":{"0":{"start":{"line":10,"column":16},"end":{"line":10,"column":null}},"1":{"start":{"line":11,"column":44},"end":{"line":11,"column":null}},"2":{"start":{"line":14,"column":4},"end":{"line":14,"column":null}},"3":{"start":{"line":15,"column":4},"end":{"line":20,"column":null}},"4":{"start":{"line":16,"column":6},"end":{"line":16,"column":null}},"5":{"start":{"line":17,"column":6},"end":{"line":17,"column":null}},"6":{"start":{"line":19,"column":6},"end":{"line":19,"column":null}},"7":{"start":{"line":23,"column":2},"end":{"line":23,"column":null}}},"fnMap":{"0":{"name":"useForgotPasswordForm","decl":{"start":{"line":9,"column":16},"end":{"line":9,"column":38}},"loc":{"start":{"line":9,"column":70},"end":{"line":24,"column":null}},"line":9},"1":{"name":"submit","decl":{"start":{"line":13,"column":17},"end":{"line":13,"column":26}},"loc":{"start":{"line":13,"column":26},"end":{"line":21,"column":null}},"line":13}},"branchMap":{},"s":{"0":2,"1":2,"2":2,"3":2,"4":2,"5":1,"6":1,"7":2},"f":{"0":2,"1":2},"b":{},"meta":{"lastBranch":0,"lastFunction":2,"lastStatement":8,"seen":{"f:9:16:9:38":0,"s:10:16:10:Infinity":0,"s:11:44:11:Infinity":1,"f:13:17:13:26":1,"s:14:4:14:Infinity":2,"s:15:4:20:Infinity":3,"s:16:6:16:Infinity":4,"s:17:6:17:Infinity":5,"s:19:6:19:Infinity":6,"s:23:2:23:Infinity":7},"fnNames":{}}}
,"E:\\Zenly-Ecosystem\\app\\composables\\useLoginForm.ts": {"path":"E:\\Zenly-Ecosystem\\app\\composables\\useLoginForm.ts","statementMap":{"0":{"start":{"line":10,"column":16},"end":{"line":10,"column":null}},"1":{"start":{"line":11,"column":19},"end":{"line":11,"column":null}},"2":{"start":{"line":12,"column":35},"end":{"line":12,"column":null}},"3":{"start":{"line":13,"column":23},"end":{"line":13,"column":null}},"4":{"start":{"line":16,"column":4},"end":{"line":16,"column":null}},"5":{"start":{"line":17,"column":4},"end":{"line":17,"column":null}},"6":{"start":{"line":18,"column":4},"end":{"line":24,"column":null}},"7":{"start":{"line":19,"column":6},"end":{"line":19,"column":null}},"8":{"start":{"line":20,"column":6},"end":{"line":20,"column":null}},"9":{"start":{"line":22,"column":6},"end":{"line":22,"column":null}},"10":{"start":{"line":23,"column":6},"end":{"line":23,"column":null}},"11":{"start":{"line":27,"column":2},"end":{"line":27,"column":null}}},"fnMap":{"0":{"name":"useLoginForm","decl":{"start":{"line":9,"column":16},"end":{"line":9,"column":29}},"loc":{"start":{"line":9,"column":52},"end":{"line":28,"column":null}},"line":9},"1":{"name":"submit","decl":{"start":{"line":15,"column":17},"end":{"line":15,"column":26}},"loc":{"start":{"line":15,"column":26},"end":{"line":25,"column":null}},"line":15}},"branchMap":{},"s":{"0":3,"1":3,"2":3,"3":3,"4":2,"5":2,"6":2,"7":2,"8":1,"9":1,"10":1,"11":3},"f":{"0":3,"1":2},"b":{},"meta":{"lastBranch":0,"lastFunction":2,"lastStatement":12,"seen":{"f:9:16:9:29":0,"s:10:16:10:Infinity":0,"s:11:19:11:Infinity":1,"s:12:35:12:Infinity":2,"s:13:23:13:Infinity":3,"f:15:17:15:26":1,"s:16:4:16:Infinity":4,"s:17:4:17:Infinity":5,"s:18:4:24:Infinity":6,"s:19:6:19:Infinity":7,"s:20:6:20:Infinity":8,"s:22:6:22:Infinity":9,"s:23:6:23:Infinity":10,"s:27:2:27:Infinity":11},"fnNames":{}}}
,"E:\\Zenly-Ecosystem\\app\\composables\\useProfileForm.ts": {"path":"E:\\Zenly-Ecosystem\\app\\composables\\useProfileForm.ts","statementMap":{"0":{"start":{"line":16,"column":22},"end":{"line":16,"column":null}},"1":{"start":{"line":17,"column":16},"end":{"line":17,"column":null}},"2":{"start":{"line":18,"column":37},"end":{"line":18,"column":null}},"3":{"start":{"line":21,"column":4},"end":{"line":21,"column":null}},"4":{"start":{"line":22,"column":4},"end":{"line":29,"column":null}},"5":{"start":{"line":23,"column":22},"end":{"line":23,"column":null}},"6":{"start":{"line":24,"column":6},"end":{"line":24,"column":null}},"7":{"start":{"line":25,"column":6},"end":{"line":25,"column":null}},"8":{"start":{"line":26,"column":6},"end":{"line":26,"column":null}},"9":{"start":{"line":28,"column":6},"end":{"line":28,"column":null}},"10":{"start":{"line":33,"column":4},"end":{"line":33,"column":null}},"11":{"start":{"line":34,"column":4},"end":{"line":39,"column":null}},"12":{"start":{"line":35,"column":6},"end":{"line":35,"column":null}},"13":{"start":{"line":36,"column":6},"end":{"line":36,"column":null}},"14":{"start":{"line":38,"column":6},"end":{"line":38,"column":null}},"15":{"start":{"line":42,"column":2},"end":{"line":42,"column":null}}},"fnMap":{"0":{"name":"useProfileForm","decl":{"start":{"line":15,"column":16},"end":{"line":15,"column":31}},"loc":{"start":{"line":15,"column":56},"end":{"line":43,"column":null}},"line":15},"1":{"name":"load","decl":{"start":{"line":20,"column":17},"end":{"line":20,"column":24}},"loc":{"start":{"line":20,"column":24},"end":{"line":30,"column":null}},"line":20},"2":{"name":"submit","decl":{"start":{"line":32,"column":17},"end":{"line":32,"column":26}},"loc":{"start":{"line":32,"column":26},"end":{"line":40,"column":null}},"line":32}},"branchMap":{},"s":{"0":4,"1":4,"2":4,"3":2,"4":2,"5":2,"6":1,"7":1,"8":1,"9":1,"10":2,"11":2,"12":2,"13":1,"14":1,"15":4},"f":{"0":4,"1":2,"2":2},"b":{},"meta":{"lastBranch":0,"lastFunction":3,"lastStatement":16,"seen":{"f:15:16:15:31":0,"s:16:22:16:Infinity":0,"s:17:16:17:Infinity":1,"s:18:37:18:Infinity":2,"f:20:17:20:24":1,"s:21:4:21:Infinity":3,"s:22:4:29:Infinity":4,"s:23:22:23:Infinity":5,"s:24:6:24:Infinity":6,"s:25:6:25:Infinity":7,"s:26:6:26:Infinity":8,"s:28:6:28:Infinity":9,"f:32:17:32:26":2,"s:33:4:33:Infinity":10,"s:34:4:39:Infinity":11,"s:35:6:35:Infinity":12,"s:36:6:36:Infinity":13,"s:38:6:38:Infinity":14,"s:42:2:42:Infinity":15},"fnNames":{}}}
,"E:\\Zenly-Ecosystem\\app\\composables\\useRegisterForm.ts": {"path":"E:\\Zenly-Ecosystem\\app\\composables\\useRegisterForm.ts","statementMap":{"0":{"start":{"line":10,"column":16},"end":{"line":10,"column":null}},"1":{"start":{"line":11,"column":19},"end":{"line":11,"column":null}},"2":{"start":{"line":12,"column":22},"end":{"line":12,"column":null}},"3":{"start":{"line":13,"column":38},"end":{"line":13,"column":null}},"4":{"start":{"line":14,"column":23},"end":{"line":14,"column":null}},"5":{"start":{"line":17,"column":4},"end":{"line":17,"column":null}},"6":{"start":{"line":18,"column":4},"end":{"line":18,"column":null}},"7":{"start":{"line":19,"column":4},"end":{"line":29,"column":null}},"8":{"start":{"line":20,"column":6},"end":{"line":24,"column":null}},"9":{"start":{"line":25,"column":6},"end":{"line":25,"column":null}},"10":{"start":{"line":27,"column":6},"end":{"line":27,"column":null}},"11":{"start":{"line":28,"column":6},"end":{"line":28,"column":null}},"12":{"start":{"line":32,"column":2},"end":{"line":32,"column":null}}},"fnMap":{"0":{"name":"useRegisterForm","decl":{"start":{"line":9,"column":16},"end":{"line":9,"column":32}},"loc":{"start":{"line":9,"column":58},"end":{"line":33,"column":null}},"line":9},"1":{"name":"submit","decl":{"start":{"line":16,"column":17},"end":{"line":16,"column":26}},"loc":{"start":{"line":16,"column":26},"end":{"line":30,"column":null}},"line":16}},"branchMap":{},"s":{"0":4,"1":4,"2":4,"3":4,"4":4,"5":3,"6":3,"7":3,"8":3,"9":2,"10":1,"11":1,"12":4},"f":{"0":4,"1":3},"b":{},"meta":{"lastBranch":0,"lastFunction":2,"lastStatement":13,"seen":{"f:9:16:9:32":0,"s:10:16:10:Infinity":0,"s:11:19:11:Infinity":1,"s:12:22:12:Infinity":2,"s:13:38:13:Infinity":3,"s:14:23:14:Infinity":4,"f:16:17:16:26":1,"s:17:4:17:Infinity":5,"s:18:4:18:Infinity":6,"s:19:4:29:Infinity":7,"s:20:6:24:Infinity":8,"s:25:6:25:Infinity":9,"s:27:6:27:Infinity":10,"s:28:6:28:Infinity":11,"s:32:2:32:Infinity":12},"fnNames":{}}}
,"E:\\Zenly-Ecosystem\\app\\composables\\useResetPasswordForm.ts": {"path":"E:\\Zenly-Ecosystem\\app\\composables\\useResetPasswordForm.ts","statementMap":{"0":{"start":{"line":10,"column":22},"end":{"line":10,"column":null}},"1":{"start":{"line":11,"column":43},"end":{"line":11,"column":null}},"2":{"start":{"line":12,"column":23},"end":{"line":12,"column":null}},"3":{"start":{"line":15,"column":4},"end":{"line":19,"column":null}},"4":{"start":{"line":16,"column":6},"end":{"line":16,"column":null}},"5":{"start":{"line":17,"column":6},"end":{"line":17,"column":null}},"6":{"start":{"line":18,"column":6},"end":{"line":18,"column":null}},"7":{"start":{"line":21,"column":4},"end":{"line":21,"column":null}},"8":{"start":{"line":22,"column":4},"end":{"line":22,"column":null}},"9":{"start":{"line":23,"column":4},"end":{"line":29,"column":null}},"10":{"start":{"line":24,"column":6},"end":{"line":24,"column":null}},"11":{"start":{"line":25,"column":6},"end":{"line":25,"column":null}},"12":{"start":{"line":27,"column":6},"end":{"line":27,"column":null}},"13":{"start":{"line":28,"column":6},"end":{"line":28,"column":null}},"14":{"start":{"line":32,"column":2},"end":{"line":32,"column":null}}},"fnMap":{"0":{"name":"useResetPasswordForm","decl":{"start":{"line":9,"column":16},"end":{"line":9,"column":37}},"loc":{"start":{"line":9,"column":68},"end":{"line":33,"column":null}},"line":9},"1":{"name":"submit","decl":{"start":{"line":14,"column":17},"end":{"line":14,"column":24}},"loc":{"start":{"line":14,"column":51},"end":{"line":30,"column":null}},"line":14}},"branchMap":{"0":{"loc":{"start":{"line":15,"column":4},"end":{"line":19,"column":null}},"type":"if","locations":[{"start":{"line":15,"column":4},"end":{"line":19,"column":null}},{"start":{},"end":{}}],"line":15},"1":{"loc":{"start":{"line":15,"column":8},"end":{"line":15,"column":57}},"type":"binary-expr","locations":[{"start":{"line":15,"column":8},"end":{"line":15,"column":37}},{"start":{"line":15,"column":37},"end":{"line":15,"column":57}}],"line":15}},"s":{"0":3,"1":3,"2":3,"3":3,"4":1,"5":1,"6":1,"7":2,"8":2,"9":2,"10":2,"11":1,"12":1,"13":1,"14":3},"f":{"0":3,"1":3},"b":{"0":[1,2],"1":[3,2]},"meta":{"lastBranch":2,"lastFunction":2,"lastStatement":15,"seen":{"f:9:16:9:37":0,"s:10:22:10:Infinity":0,"s:11:43:11:Infinity":1,"s:12:23:12:Infinity":2,"f:14:17:14:24":1,"b:15:4:19:Infinity:undefined:undefined:undefined:undefined":0,"s:15:4:19:Infinity":3,"b:15:8:15:37:15:37:15:57":1,"s:16:6:16:Infinity":4,"s:17:6:17:Infinity":5,"s:18:6:18:Infinity":6,"s:21:4:21:Infinity":7,"s:22:4:22:Infinity":8,"s:23:4:29:Infinity":9,"s:24:6:24:Infinity":10,"s:25:6:25:Infinity":11,"s:27:6:27:Infinity":12,"s:28:6:28:Infinity":13,"s:32:2:32:Infinity":14},"fnNames":{}}}
,"E:\\Zenly-Ecosystem\\app\\composables\\useVerifyEmail.ts": {"path":"E:\\Zenly-Ecosystem\\app\\composables\\useVerifyEmail.ts","statementMap":{"0":{"start":{"line":10,"column":36},"end":{"line":10,"column":null}},"1":{"start":{"line":13,"column":4},"end":{"line":16,"column":null}},"2":{"start":{"line":14,"column":6},"end":{"line":14,"column":null}},"3":{"start":{"line":15,"column":6},"end":{"line":15,"column":null}},"4":{"start":{"line":18,"column":4},"end":{"line":23,"column":null}},"5":{"start":{"line":19,"column":6},"end":{"line":19,"column":null}},"6":{"start":{"line":20,"column":6},"end":{"line":20,"column":null}},"7":{"start":{"line":22,"column":6},"end":{"line":22,"column":null}},"8":{"start":{"line":26,"column":2},"end":{"line":26,"column":null}}},"fnMap":{"0":{"name":"useVerifyEmail","decl":{"start":{"line":9,"column":16},"end":{"line":9,"column":31}},"loc":{"start":{"line":9,"column":55},"end":{"line":27,"column":null}},"line":9},"1":{"name":"verify","decl":{"start":{"line":12,"column":17},"end":{"line":12,"column":24}},"loc":{"start":{"line":12,"column":51},"end":{"line":24,"column":null}},"line":12}},"branchMap":{"0":{"loc":{"start":{"line":13,"column":4},"end":{"line":16,"column":null}},"type":"if","locations":[{"start":{"line":13,"column":4},"end":{"line":16,"column":null}},{"start":{},"end":{}}],"line":13},"1":{"loc":{"start":{"line":13,"column":8},"end":{"line":13,"column":57}},"type":"binary-expr","locations":[{"start":{"line":13,"column":8},"end":{"line":13,"column":37}},{"start":{"line":13,"column":37},"end":{"line":13,"column":57}}],"line":13}},"s":{"0":5,"1":4,"2":2,"3":2,"4":2,"5":2,"6":1,"7":1,"8":5},"f":{"0":5,"1":4},"b":{"0":[2,2],"1":[4,3]},"meta":{"lastBranch":2,"lastFunction":2,"lastStatement":9,"seen":{"f:9:16:9:31":0,"s:10:36:10:Infinity":0,"f:12:17:12:24":1,"b:13:4:16:Infinity:undefined:undefined:undefined:undefined":0,"s:13:4:16:Infinity":1,"b:13:8:13:37:13:37:13:57":1,"s:14:6:14:Infinity":2,"s:15:6:15:Infinity":3,"s:18:4:23:Infinity":4,"s:19:6:19:Infinity":5,"s:20:6:20:Infinity":6,"s:22:6:22:Infinity":7,"s:26:2:26:Infinity":8},"fnNames":{}}}
,"E:\\Zenly-Ecosystem\\server\\error.ts": {"path":"E:\\Zenly-Ecosystem\\server\\error.ts","statementMap":{"0":{"start":{"line":6,"column":2},"end":{"line":21,"column":null}},"1":{"start":{"line":8,"column":6},"end":{"line":8,"column":null}},"2":{"start":{"line":10,"column":6},"end":{"line":10,"column":null}},"3":{"start":{"line":12,"column":6},"end":{"line":12,"column":null}},"4":{"start":{"line":14,"column":6},"end":{"line":14,"column":null}},"5":{"start":{"line":16,"column":6},"end":{"line":16,"column":null}},"6":{"start":{"line":18,"column":6},"end":{"line":18,"column":null}},"7":{"start":{"line":20,"column":6},"end":{"line":20,"column":null}},"8":{"start":{"line":25,"column":21},"end":{"line":25,"column":null}},"9":{"start":{"line":26,"column":15},"end":{"line":26,"column":null}},"10":{"start":{"line":28,"column":4},"end":{"line":28,"column":null}},"11":{"start":{"line":29,"column":20},"end":{"line":29,"column":null}},"12":{"start":{"line":31,"column":2},"end":{"line":31,"column":null}},"13":{"start":{"line":32,"column":2},"end":{"line":32,"column":null}},"14":{"start":{"line":33,"column":2},"end":{"line":33,"column":null}}},"fnMap":{"0":{"name":"resolveErrorCode","decl":{"start":{"line":5,"column":9},"end":{"line":5,"column":26}},"loc":{"start":{"line":5,"column":57},"end":{"line":22,"column":null}},"line":5},"1":{"name":"handleError","decl":{"start":{"line":24,"column":24},"end":{"line":24,"column":36}},"loc":{"start":{"line":24,"column":68},"end":{"line":34,"column":null}},"line":24}},"branchMap":{"0":{"loc":{"start":{"line":6,"column":2},"end":{"line":21,"column":null}},"type":"switch","locations":[{"start":{"line":7,"column":4},"end":{"line":8,"column":null}},{"start":{"line":9,"column":4},"end":{"line":10,"column":null}},{"start":{"line":11,"column":4},"end":{"line":12,"column":null}},{"start":{"line":13,"column":4},"end":{"line":14,"column":null}},{"start":{"line":15,"column":4},"end":{"line":16,"column":null}},{"start":{"line":17,"column":4},"end":{"line":18,"column":null}},{"start":{"line":19,"column":4},"end":{"line":20,"column":null}}],"line":6},"1":{"loc":{"start":{"line":25,"column":21},"end":{"line":25,"column":null}},"type":"binary-expr","locations":[{"start":{"line":25,"column":21},"end":{"line":25,"column":41}},{"start":{"line":25,"column":41},"end":{"line":25,"column":null}}],"line":25},"2":{"loc":{"start":{"line":28,"column":4},"end":{"line":28,"column":null}},"type":"cond-expr","locations":[{"start":{"line":28,"column":46},"end":{"line":28,"column":68}},{"start":{"line":28,"column":68},"end":{"line":28,"column":null}}],"line":28},"3":{"loc":{"start":{"line":28,"column":4},"end":{"line":28,"column":46}},"type":"binary-expr","locations":[{"start":{"line":28,"column":4},"end":{"line":28,"column":24}},{"start":{"line":28,"column":24},"end":{"line":28,"column":46}}],"line":28}},"s":{"0":84,"1":19,"2":31,"3":10,"4":6,"5":13,"6":1,"7":4,"8":84,"9":84,"10":84,"11":84,"12":84,"13":84,"14":84},"f":{"0":84,"1":84},"b":{"0":[19,31,10,6,13,1,4],"1":[84,0],"2":[80,4],"3":[84,80]},"meta":{"lastBranch":4,"lastFunction":2,"lastStatement":15,"seen":{"f:5:9:5:26":0,"b:7:4:8:Infinity:9:4:10:Infinity:11:4:12:Infinity:13:4:14:Infinity:15:4:16:Infinity:17:4:18:Infinity:19:4:20:Infinity":0,"s:6:2:21:Infinity":0,"s:8:6:8:Infinity":1,"s:10:6:10:Infinity":2,"s:12:6:12:Infinity":3,"s:14:6:14:Infinity":4,"s:16:6:16:Infinity":5,"s:18:6:18:Infinity":6,"s:20:6:20:Infinity":7,"f:24:24:24:36":1,"s:25:21:25:Infinity":8,"b:25:21:25:41:25:41:25:Infinity":1,"s:26:15:26:Infinity":9,"s:28:4:28:Infinity":10,"b:28:46:28:68:28:68:28:Infinity":2,"b:28:4:28:24:28:24:28:46":3,"s:29:20:29:Infinity":11,"s:31:2:31:Infinity":12,"s:32:2:32:Infinity":13,"s:33:2:33:Infinity":14},"fnNames":{}}}
,"E:\\Zenly-Ecosystem\\server\\admin\\context.ts": {"path":"E:\\Zenly-Ecosystem\\server\\admin\\context.ts","statementMap":{"0":{"start":{"line":3,"column":26},"end":{"line":3,"column":null}},"1":{"start":{"line":12,"column":2},"end":{"line":12,"column":null}},"2":{"start":{"line":16,"column":2},"end":{"line":16,"column":null}}},"fnMap":{"0":{"name":"setAdminContext","decl":{"start":{"line":11,"column":16},"end":{"line":11,"column":32}},"loc":{"start":{"line":11,"column":77},"end":{"line":13,"column":null}},"line":11},"1":{"name":"getAdminContext","decl":{"start":{"line":15,"column":16},"end":{"line":15,"column":32}},"loc":{"start":{"line":15,"column":74},"end":{"line":17,"column":null}},"line":15}},"branchMap":{},"s":{"0":9,"1":44,"2":58},"f":{"0":44,"1":58},"b":{},"meta":{"lastBranch":0,"lastFunction":2,"lastStatement":3,"seen":{"s:3:26:3:Infinity":0,"f:11:16:11:32":0,"s:12:2:12:Infinity":1,"f:15:16:15:32":1,"s:16:2:16:Infinity":2},"fnNames":{}}}
,"E:\\Zenly-Ecosystem\\server\\admin\\require-super-admin.ts": {"path":"E:\\Zenly-Ecosystem\\server\\admin\\require-super-admin.ts","statementMap":{"0":{"start":{"line":6,"column":18},"end":{"line":6,"column":null}},"1":{"start":{"line":7,"column":2},"end":{"line":9,"column":null}},"2":{"start":{"line":8,"column":4},"end":{"line":8,"column":null}},"3":{"start":{"line":10,"column":2},"end":{"line":10,"column":null}}},"fnMap":{"0":{"name":"requireSuperAdmin","decl":{"start":{"line":5,"column":16},"end":{"line":5,"column":34}},"loc":{"start":{"line":5,"column":64},"end":{"line":11,"column":null}},"line":5}},"branchMap":{"0":{"loc":{"start":{"line":7,"column":2},"end":{"line":9,"column":null}},"type":"if","locations":[{"start":{"line":7,"column":2},"end":{"line":9,"column":null}},{"start":{},"end":{}}],"line":7}},"s":{"0":28,"1":28,"2":5,"3":16},"f":{"0":28},"b":{"0":[5,23]},"meta":{"lastBranch":1,"lastFunction":1,"lastStatement":4,"seen":{"f:5:16:5:34":0,"s:6:18:6:Infinity":0,"b:7:2:9:Infinity:undefined:undefined:undefined:undefined":0,"s:7:2:9:Infinity":1,"s:8:4:8:Infinity":2,"s:10:2:10:Infinity":3},"fnNames":{}}}
,"E:\\Zenly-Ecosystem\\server\\admin\\require-verified-admin.ts": {"path":"E:\\Zenly-Ecosystem\\server\\admin\\require-verified-admin.ts","statementMap":{"0":{"start":{"line":5,"column":18},"end":{"line":5,"column":null}},"1":{"start":{"line":6,"column":2},"end":{"line":8,"column":null}},"2":{"start":{"line":7,"column":4},"end":{"line":7,"column":null}},"3":{"start":{"line":9,"column":2},"end":{"line":11,"column":null}},"4":{"start":{"line":10,"column":4},"end":{"line":10,"column":null}},"5":{"start":{"line":12,"column":2},"end":{"line":12,"column":null}}},"fnMap":{"0":{"name":"requireVerifiedAdmin","decl":{"start":{"line":4,"column":16},"end":{"line":4,"column":37}},"loc":{"start":{"line":4,"column":67},"end":{"line":13,"column":null}},"line":4}},"branchMap":{"0":{"loc":{"start":{"line":6,"column":2},"end":{"line":8,"column":null}},"type":"if","locations":[{"start":{"line":6,"column":2},"end":{"line":8,"column":null}},{"start":{},"end":{}}],"line":6},"1":{"loc":{"start":{"line":9,"column":2},"end":{"line":11,"column":null}},"type":"if","locations":[{"start":{"line":9,"column":2},"end":{"line":11,"column":null}},{"start":{},"end":{}}],"line":9}},"s":{"0":46,"1":46,"2":10,"3":36,"4":4,"5":32},"f":{"0":46},"b":{"0":[10,36],"1":[4,32]},"meta":{"lastBranch":2,"lastFunction":1,"lastStatement":6,"seen":{"f:4:16:4:37":0,"s:5:18:5:Infinity":0,"b:6:2:8:Infinity:undefined:undefined:undefined:undefined":0,"s:6:2:8:Infinity":1,"s:7:4:7:Infinity":2,"b:9:2:11:Infinity:undefined:undefined:undefined:undefined":1,"s:9:2:11:Infinity":3,"s:10:4:10:Infinity":4,"s:12:2:12:Infinity":5},"fnNames":{}}}
,"E:\\Zenly-Ecosystem\\server\\admin\\session.ts": {"path":"E:\\Zenly-Ecosystem\\server\\admin\\session.ts","statementMap":{"0":{"start":{"line":1,"column":36},"end":{"line":1,"column":null}},"1":{"start":{"line":2,"column":36},"end":{"line":2,"column":null}},"2":{"start":{"line":5,"column":2},"end":{"line":5,"column":null}}},"fnMap":{"0":{"name":"adminSessionExpiryDate","decl":{"start":{"line":4,"column":16},"end":{"line":4,"column":47}},"loc":{"start":{"line":4,"column":47},"end":{"line":6,"column":null}},"line":4}},"branchMap":{},"s":{"0":8,"1":8,"2":10},"f":{"0":10},"b":{},"meta":{"lastBranch":0,"lastFunction":1,"lastStatement":3,"seen":{"s:1:36:1:Infinity":0,"s:2:36:2:Infinity":1,"f:4:16:4:47":0,"s:5:2:5:Infinity":2},"fnNames":{}}}
,"E:\\Zenly-Ecosystem\\server\\admin\\totp-encryption.ts": {"path":"E:\\Zenly-Ecosystem\\server\\admin\\totp-encryption.ts","statementMap":{"0":{"start":{"line":3,"column":18},"end":{"line":3,"column":null}},"1":{"start":{"line":4,"column":17},"end":{"line":4,"column":null}},"2":{"start":{"line":7,"column":2},"end":{"line":7,"column":null}},"3":{"start":{"line":11,"column":14},"end":{"line":11,"column":null}},"4":{"start":{"line":12,"column":13},"end":{"line":12,"column":null}},"5":{"start":{"line":13,"column":17},"end":{"line":13,"column":null}},"6":{"start":{"line":14,"column":20},"end":{"line":14,"column":null}},"7":{"start":{"line":15,"column":18},"end":{"line":15,"column":null}},"8":{"start":{"line":17,"column":2},"end":{"line":17,"column":null}},"9":{"start":{"line":21,"column":44},"end":{"line":21,"column":null}},"10":{"start":{"line":22,"column":2},"end":{"line":24,"column":null}},"11":{"start":{"line":23,"column":4},"end":{"line":23,"column":null}},"12":{"start":{"line":26,"column":14},"end":{"line":26,"column":null}},"13":{"start":{"line":27,"column":13},"end":{"line":27,"column":null}},"14":{"start":{"line":28,"column":18},"end":{"line":28,"column":null}},"15":{"start":{"line":29,"column":20},"end":{"line":29,"column":null}},"16":{"start":{"line":31,"column":19},"end":{"line":31,"column":null}},"17":{"start":{"line":32,"column":2},"end":{"line":32,"column":null}},"18":{"start":{"line":33,"column":20},"end":{"line":33,"column":null}},"19":{"start":{"line":35,"column":2},"end":{"line":35,"column":null}}},"fnMap":{"0":{"name":"deriveKey","decl":{"start":{"line":6,"column":9},"end":{"line":6,"column":19}},"loc":{"start":{"line":6,"column":50},"end":{"line":8,"column":null}},"line":6},"1":{"name":"encryptTotpSecret","decl":{"start":{"line":10,"column":16},"end":{"line":10,"column":34}},"loc":{"start":{"line":10,"column":81},"end":{"line":18,"column":null}},"line":10},"2":{"name":"decryptTotpSecret","decl":{"start":{"line":20,"column":16},"end":{"line":20,"column":34}},"loc":{"start":{"line":20,"column":82},"end":{"line":36,"column":null}},"line":20}},"branchMap":{"0":{"loc":{"start":{"line":22,"column":2},"end":{"line":24,"column":null}},"type":"if","locations":[{"start":{"line":22,"column":2},"end":{"line":24,"column":null}},{"start":{},"end":{}}],"line":22},"1":{"loc":{"start":{"line":22,"column":6},"end":{"line":22,"column":46}},"type":"binary-expr","locations":[{"start":{"line":22,"column":6},"end":{"line":22,"column":16}},{"start":{"line":22,"column":16},"end":{"line":22,"column":31}},{"start":{"line":22,"column":31},"end":{"line":22,"column":46}}],"line":22}},"s":{"0":9,"1":9,"2":48,"3":24,"4":24,"5":24,"6":24,"7":24,"8":24,"9":25,"10":25,"11":1,"12":24,"13":24,"14":24,"15":24,"16":24,"17":24,"18":24,"19":24},"f":{"0":48,"1":24,"2":25},"b":{"0":[1,24],"1":[25,25,24]},"meta":{"lastBranch":2,"lastFunction":3,"lastStatement":20,"seen":{"s:3:18:3:Infinity":0,"s:4:17:4:Infinity":1,"f:6:9:6:19":0,"s:7:2:7:Infinity":2,"f:10:16:10:34":1,"s:11:14:11:Infinity":3,"s:12:13:12:Infinity":4,"s:13:17:13:Infinity":5,"s:14:20:14:Infinity":6,"s:15:18:15:Infinity":7,"s:17:2:17:Infinity":8,"f:20:16:20:34":2,"s:21:44:21:Infinity":9,"b:22:2:24:Infinity:undefined:undefined:undefined:undefined":0,"s:22:2:24:Infinity":10,"b:22:6:22:16:22:16:22:31:22:31:22:46":1,"s:23:4:23:Infinity":11,"s:26:14:26:Infinity":12,"s:27:13:27:Infinity":13,"s:28:18:28:Infinity":14,"s:29:20:29:Infinity":15,"s:31:19:31:Infinity":16,"s:32:2:32:Infinity":17,"s:33:20:33:Infinity":18,"s:35:2:35:Infinity":19},"fnNames":{}}}
,"E:\\Zenly-Ecosystem\\server\\admin\\dto\\admin-accounts.ts": {"path":"E:\\Zenly-Ecosystem\\server\\admin\\dto\\admin-accounts.ts","statementMap":{"0":{"start":{"line":3,"column":44},"end":{"line":9,"column":null}},"1":{"start":{"line":13,"column":44},"end":{"line":21,"column":null}},"2":{"start":{"line":19,"column":20},"end":{"line":19,"column":74}}},"fnMap":{"0":{"name":"(anonymous_0)","decl":{"start":{"line":19,"column":3},"end":{"line":19,"column":11}},"loc":{"start":{"line":19,"column":20},"end":{"line":19,"column":74}},"line":19}},"branchMap":{"0":{"loc":{"start":{"line":19,"column":20},"end":{"line":19,"column":74}},"type":"binary-expr","locations":[{"start":{"line":19,"column":20},"end":{"line":19,"column":47}},{"start":{"line":19,"column":47},"end":{"line":19,"column":74}}],"line":19}},"s":{"0":1,"1":1,"2":8},"f":{"0":8},"b":{"0":[8,3]},"meta":{"lastBranch":1,"lastFunction":1,"lastStatement":3,"seen":{"s:3:44:9:Infinity":0,"s:13:44:21:Infinity":1,"f:19:3:19:11":0,"s:19:20:19:74":2,"b:19:20:19:47:19:47:19:74":0},"fnNames":{}}}
,"E:\\Zenly-Ecosystem\\server\\admin\\dto\\auth.ts": {"path":"E:\\Zenly-Ecosystem\\server\\admin\\dto\\auth.ts","statementMap":{"0":{"start":{"line":3,"column":36},"end":{"line":8,"column":null}},"1":{"start":{"line":12,"column":38},"end":{"line":16,"column":null}},"2":{"start":{"line":20,"column":40},"end":{"line":24,"column":null}}},"fnMap":{},"branchMap":{},"s":{"0":3,"1":3,"2":3},"f":{},"b":{},"meta":{"lastBranch":0,"lastFunction":0,"lastStatement":3,"seen":{"s:3:36:8:Infinity":0,"s:12:38:16:Infinity":1,"s:20:40:24:Infinity":2},"fnNames":{}}}
,"E:\\Zenly-Ecosystem\\server\\admin\\dto\\feature-flags.ts": {"path":"E:\\Zenly-Ecosystem\\server\\admin\\dto\\feature-flags.ts","statementMap":{"0":{"start":{"line":3,"column":43},"end":{"line":8,"column":null}}},"fnMap":{},"branchMap":{},"s":{"0":1},"f":{},"b":{},"meta":{"lastBranch":0,"lastFunction":0,"lastStatement":1,"seen":{"s:3:43:8:Infinity":0},"fnNames":{}}}
,"E:\\Zenly-Ecosystem\\server\\admin\\handlers\\create-admin-account-handler.ts": {"path":"E:\\Zenly-Ecosystem\\server\\admin\\handlers\\create-admin-account-handler.ts","statementMap":{"0":{"start":{"line":16,"column":16},"end":{"line":16,"column":null}},"1":{"start":{"line":18,"column":14},"end":{"line":18,"column":null}},"2":{"start":{"line":19,"column":17},"end":{"line":19,"column":null}},"3":{"start":{"line":20,"column":2},"end":{"line":22,"column":null}},"4":{"start":{"line":21,"column":4},"end":{"line":21,"column":null}},"5":{"start":{"line":24,"column":17},"end":{"line":24,"column":null}},"6":{"start":{"line":25,"column":26},"end":{"line":25,"column":null}},"7":{"start":{"line":27,"column":2},"end":{"line":41,"column":null}},"8":{"start":{"line":28,"column":20},"end":{"line":30,"column":null}},"9":{"start":{"line":31,"column":4},"end":{"line":31,"column":null}},"10":{"start":{"line":33,"column":4},"end":{"line":39,"column":null}},"11":{"start":{"line":38,"column":6},"end":{"line":38,"column":null}},"12":{"start":{"line":40,"column":4},"end":{"line":40,"column":null}}},"fnMap":{"0":{"name":"handleCreateAdminAccount","decl":{"start":{"line":12,"column":22},"end":{"line":12,"column":null}},"loc":{"start":{"line":15,"column":2},"end":{"line":42,"column":null}},"line":15}},"branchMap":{"0":{"loc":{"start":{"line":20,"column":2},"end":{"line":22,"column":null}},"type":"if","locations":[{"start":{"line":20,"column":2},"end":{"line":22,"column":null}},{"start":{},"end":{}}],"line":20},"1":{"loc":{"start":{"line":33,"column":4},"end":{"line":39,"column":null}},"type":"if","locations":[{"start":{"line":33,"column":4},"end":{"line":39,"column":null}},{"start":{},"end":{}}],"line":33},"2":{"loc":{"start":{"line":34,"column":6},"end":{"line":36,"column":null}},"type":"binary-expr","locations":[{"start":{"line":34,"column":6},"end":{"line":34,"column":null}},{"start":{"line":35,"column":6},"end":{"line":35,"column":null}},{"start":{"line":36,"column":7},"end":{"line":36,"column":null}}],"line":34}},"s":{"0":6,"1":6,"2":4,"3":4,"4":1,"5":3,"6":3,"7":3,"8":3,"9":1,"10":2,"11":1,"12":1},"f":{"0":6},"b":{"0":[1,3],"1":[1,1],"2":[2,2,1]},"meta":{"lastBranch":3,"lastFunction":1,"lastStatement":13,"seen":{"f:12:22:12:Infinity":0,"s:16:16:16:Infinity":0,"s:18:14:18:Infinity":1,"s:19:17:19:Infinity":2,"b:20:2:22:Infinity:undefined:undefined:undefined:undefined":0,"s:20:2:22:Infinity":3,"s:21:4:21:Infinity":4,"s:24:17:24:Infinity":5,"s:25:26:25:Infinity":6,"s:27:2:41:Infinity":7,"s:28:20:30:Infinity":8,"s:31:4:31:Infinity":9,"b:33:4:39:Infinity:undefined:undefined:undefined:undefined":1,"s:33:4:39:Infinity":10,"b:34:6:34:Infinity:35:6:35:Infinity:36:7:36:Infinity":2,"s:38:6:38:Infinity":11,"s:40:4:40:Infinity":12},"fnNames":{}}}
,"E:\\Zenly-Ecosystem\\server\\admin\\handlers\\list-admin-accounts-handler.ts": {"path":"E:\\Zenly-Ecosystem\\server\\admin\\handlers\\list-admin-accounts-handler.ts","statementMap":{"0":{"start":{"line":15,"column":2},"end":{"line":15,"column":null}},"1":{"start":{"line":17,"column":17},"end":{"line":17,"column":null}},"2":{"start":{"line":18,"column":26},"end":{"line":18,"column":null}},"3":{"start":{"line":20,"column":19},"end":{"line":20,"column":null}},"4":{"start":{"line":21,"column":2},"end":{"line":27,"column":null}},"5":{"start":{"line":21,"column":36},"end":{"line":27,"column":4}}},"fnMap":{"0":{"name":"handleListAdminAccounts","decl":{"start":{"line":11,"column":22},"end":{"line":11,"column":null}},"loc":{"start":{"line":14,"column":2},"end":{"line":28,"column":null}},"line":14},"1":{"name":"(anonymous_1)","decl":{"start":{"line":21,"column":18},"end":{"line":21,"column":23}},"loc":{"start":{"line":21,"column":36},"end":{"line":27,"column":4}},"line":21}},"branchMap":{},"s":{"0":3,"1":3,"2":3,"3":3,"4":1,"5":1},"f":{"0":3,"1":1},"b":{},"meta":{"lastBranch":0,"lastFunction":2,"lastStatement":6,"seen":{"f:11:22:11:Infinity":0,"s:15:2:15:Infinity":0,"s:17:17:17:Infinity":1,"s:18:26:18:Infinity":2,"s:20:19:20:Infinity":3,"s:21:2:27:Infinity":4,"f:21:18:21:23":1,"s:21:36:27:4":5},"fnNames":{}}}
,"E:\\Zenly-Ecosystem\\server\\admin\\handlers\\list-feature-flags-handler.ts": {"path":"E:\\Zenly-Ecosystem\\server\\admin\\handlers\\list-feature-flags-handler.ts","statementMap":{"0":{"start":{"line":15,"column":2},"end":{"line":15,"column":null}},"1":{"start":{"line":17,"column":17},"end":{"line":17,"column":null}},"2":{"start":{"line":18,"column":32},"end":{"line":18,"column":null}},"3":{"start":{"line":20,"column":16},"end":{"line":20,"column":null}},"4":{"start":{"line":21,"column":2},"end":{"line":26,"column":null}},"5":{"start":{"line":21,"column":30},"end":{"line":26,"column":4}}},"fnMap":{"0":{"name":"handleListFeatureFlags","decl":{"start":{"line":11,"column":22},"end":{"line":11,"column":null}},"loc":{"start":{"line":14,"column":2},"end":{"line":27,"column":null}},"line":14},"1":{"name":"(anonymous_1)","decl":{"start":{"line":21,"column":15},"end":{"line":21,"column":20}},"loc":{"start":{"line":21,"column":30},"end":{"line":26,"column":4}},"line":21}},"branchMap":{},"s":{"0":3,"1":3,"2":3,"3":3,"4":2,"5":1},"f":{"0":3,"1":1},"b":{},"meta":{"lastBranch":0,"lastFunction":2,"lastStatement":6,"seen":{"f:11:22:11:Infinity":0,"s:15:2:15:Infinity":0,"s:17:17:17:Infinity":1,"s:18:32:18:Infinity":2,"s:20:16:20:Infinity":3,"s:21:2:26:Infinity":4,"f:21:15:21:20":1,"s:21:30:26:4":5},"fnNames":{}}}
,"E:\\Zenly-Ecosystem\\server\\admin\\handlers\\login-handler.ts": {"path":"E:\\Zenly-Ecosystem\\server\\admin\\handlers\\login-handler.ts","statementMap":{"0":{"start":{"line":17,"column":14},"end":{"line":17,"column":null}},"1":{"start":{"line":18,"column":17},"end":{"line":18,"column":null}},"2":{"start":{"line":19,"column":2},"end":{"line":21,"column":null}},"3":{"start":{"line":20,"column":4},"end":{"line":20,"column":null}},"4":{"start":{"line":23,"column":17},"end":{"line":23,"column":null}},"5":{"start":{"line":24,"column":26},"end":{"line":24,"column":null}},"6":{"start":{"line":26,"column":2},"end":{"line":44,"column":null}},"7":{"start":{"line":27,"column":33},"end":{"line":27,"column":null}},"8":{"start":{"line":28,"column":4},"end":{"line":34,"column":null}},"9":{"start":{"line":35,"column":4},"end":{"line":35,"column":null}},"10":{"start":{"line":37,"column":4},"end":{"line":39,"column":null}},"11":{"start":{"line":38,"column":6},"end":{"line":38,"column":null}},"12":{"start":{"line":40,"column":4},"end":{"line":42,"column":null}},"13":{"start":{"line":41,"column":6},"end":{"line":41,"column":null}},"14":{"start":{"line":43,"column":4},"end":{"line":43,"column":null}}},"fnMap":{"0":{"name":"handleAdminLogin","decl":{"start":{"line":16,"column":22},"end":{"line":16,"column":39}},"loc":{"start":{"line":16,"column":88},"end":{"line":45,"column":null}},"line":16}},"branchMap":{"0":{"loc":{"start":{"line":19,"column":2},"end":{"line":21,"column":null}},"type":"if","locations":[{"start":{"line":19,"column":2},"end":{"line":21,"column":null}},{"start":{},"end":{}}],"line":19},"1":{"loc":{"start":{"line":37,"column":4},"end":{"line":39,"column":null}},"type":"if","locations":[{"start":{"line":37,"column":4},"end":{"line":39,"column":null}},{"start":{},"end":{}}],"line":37},"2":{"loc":{"start":{"line":40,"column":4},"end":{"line":42,"column":null}},"type":"if","locations":[{"start":{"line":40,"column":4},"end":{"line":42,"column":null}},{"start":{},"end":{}}],"line":40}},"s":{"0":7,"1":7,"2":7,"3":2,"4":5,"5":5,"6":5,"7":5,"8":2,"9":2,"10":3,"11":2,"12":1,"13":1,"14":0},"f":{"0":7},"b":{"0":[2,5],"1":[2,1],"2":[1,0]},"meta":{"lastBranch":3,"lastFunction":1,"lastStatement":15,"seen":{"f:16:22:16:39":0,"s:17:14:17:Infinity":0,"s:18:17:18:Infinity":1,"b:19:2:21:Infinity:undefined:undefined:undefined:undefined":0,"s:19:2:21:Infinity":2,"s:20:4:20:Infinity":3,"s:23:17:23:Infinity":4,"s:24:26:24:Infinity":5,"s:26:2:44:Infinity":6,"s:27:33:27:Infinity":7,"s:28:4:34:Infinity":8,"s:35:4:35:Infinity":9,"b:37:4:39:Infinity:undefined:undefined:undefined:undefined":1,"s:37:4:39:Infinity":10,"s:38:6:38:Infinity":11,"b:40:4:42:Infinity:undefined:undefined:undefined:undefined":2,"s:40:4:42:Infinity":12,"s:41:6:41:Infinity":13,"s:43:4:43:Infinity":14},"fnNames":{}}}
,"E:\\Zenly-Ecosystem\\server\\admin\\handlers\\login-totp-handler.ts": {"path":"E:\\Zenly-Ecosystem\\server\\admin\\handlers\\login-totp-handler.ts","statementMap":{"0":{"start":{"line":20,"column":16},"end":{"line":20,"column":null}},"1":{"start":{"line":21,"column":2},"end":{"line":23,"column":null}},"2":{"start":{"line":22,"column":4},"end":{"line":22,"column":null}},"3":{"start":{"line":25,"column":14},"end":{"line":25,"column":null}},"4":{"start":{"line":26,"column":17},"end":{"line":26,"column":null}},"5":{"start":{"line":27,"column":2},"end":{"line":29,"column":null}},"6":{"start":{"line":28,"column":4},"end":{"line":28,"column":null}},"7":{"start":{"line":31,"column":17},"end":{"line":31,"column":null}},"8":{"start":{"line":32,"column":26},"end":{"line":32,"column":null}},"9":{"start":{"line":34,"column":2},"end":{"line":54,"column":null}},"10":{"start":{"line":35,"column":4},"end":{"line":38,"column":null}},"11":{"start":{"line":39,"column":4},"end":{"line":39,"column":null}},"12":{"start":{"line":41,"column":4},"end":{"line":43,"column":null}},"13":{"start":{"line":42,"column":6},"end":{"line":42,"column":null}},"14":{"start":{"line":44,"column":4},"end":{"line":46,"column":null}},"15":{"start":{"line":45,"column":6},"end":{"line":45,"column":null}},"16":{"start":{"line":47,"column":4},"end":{"line":49,"column":null}},"17":{"start":{"line":48,"column":6},"end":{"line":48,"column":null}},"18":{"start":{"line":50,"column":4},"end":{"line":52,"column":null}},"19":{"start":{"line":51,"column":6},"end":{"line":51,"column":null}},"20":{"start":{"line":53,"column":4},"end":{"line":53,"column":null}}},"fnMap":{"0":{"name":"handleAdminLoginTotp","decl":{"start":{"line":19,"column":22},"end":{"line":19,"column":43}},"loc":{"start":{"line":19,"column":96},"end":{"line":55,"column":null}},"line":19}},"branchMap":{"0":{"loc":{"start":{"line":21,"column":2},"end":{"line":23,"column":null}},"type":"if","locations":[{"start":{"line":21,"column":2},"end":{"line":23,"column":null}},{"start":{},"end":{}}],"line":21},"1":{"loc":{"start":{"line":27,"column":2},"end":{"line":29,"column":null}},"type":"if","locations":[{"start":{"line":27,"column":2},"end":{"line":29,"column":null}},{"start":{},"end":{}}],"line":27},"2":{"loc":{"start":{"line":41,"column":4},"end":{"line":43,"column":null}},"type":"if","locations":[{"start":{"line":41,"column":4},"end":{"line":43,"column":null}},{"start":{},"end":{}}],"line":41},"3":{"loc":{"start":{"line":44,"column":4},"end":{"line":46,"column":null}},"type":"if","locations":[{"start":{"line":44,"column":4},"end":{"line":46,"column":null}},{"start":{},"end":{}}],"line":44},"4":{"loc":{"start":{"line":47,"column":4},"end":{"line":49,"column":null}},"type":"if","locations":[{"start":{"line":47,"column":4},"end":{"line":49,"column":null}},{"start":{},"end":{}}],"line":47},"5":{"loc":{"start":{"line":50,"column":4},"end":{"line":52,"column":null}},"type":"if","locations":[{"start":{"line":50,"column":4},"end":{"line":52,"column":null}},{"start":{},"end":{}}],"line":50}},"s":{"0":7,"1":7,"2":1,"3":6,"4":6,"5":6,"6":1,"7":5,"8":5,"9":5,"10":5,"11":1,"12":4,"13":1,"14":3,"15":1,"16":2,"17":1,"18":1,"19":1,"20":0},"f":{"0":7},"b":{"0":[1,6],"1":[1,5],"2":[1,3],"3":[1,2],"4":[1,1],"5":[1,0]},"meta":{"lastBranch":6,"lastFunction":1,"lastStatement":21,"seen":{"f:19:22:19:43":0,"s:20:16:20:Infinity":0,"b:21:2:23:Infinity:undefined:undefined:undefined:undefined":0,"s:21:2:23:Infinity":1,"s:22:4:22:Infinity":2,"s:25:14:25:Infinity":3,"s:26:17:26:Infinity":4,"b:27:2:29:Infinity:undefined:undefined:undefined:undefined":1,"s:27:2:29:Infinity":5,"s:28:4:28:Infinity":6,"s:31:17:31:Infinity":7,"s:32:26:32:Infinity":8,"s:34:2:54:Infinity":9,"s:35:4:38:Infinity":10,"s:39:4:39:Infinity":11,"b:41:4:43:Infinity:undefined:undefined:undefined:undefined":2,"s:41:4:43:Infinity":12,"s:42:6:42:Infinity":13,"b:44:4:46:Infinity:undefined:undefined:undefined:undefined":3,"s:44:4:46:Infinity":14,"s:45:6:45:Infinity":15,"b:47:4:49:Infinity:undefined:undefined:undefined:undefined":4,"s:47:4:49:Infinity":16,"s:48:6:48:Infinity":17,"b:50:4:52:Infinity:undefined:undefined:undefined:undefined":5,"s:50:4:52:Infinity":18,"s:51:6:51:Infinity":19,"s:53:4:53:Infinity":20},"fnNames":{}}}
,"E:\\Zenly-Ecosystem\\server\\admin\\handlers\\totp-activate-handler.ts": {"path":"E:\\Zenly-Ecosystem\\server\\admin\\handlers\\totp-activate-handler.ts","statementMap":{"0":{"start":{"line":22,"column":23},"end":{"line":22,"column":null}},"1":{"start":{"line":23,"column":2},"end":{"line":25,"column":null}},"2":{"start":{"line":24,"column":4},"end":{"line":24,"column":null}},"3":{"start":{"line":27,"column":14},"end":{"line":27,"column":null}},"4":{"start":{"line":28,"column":17},"end":{"line":28,"column":null}},"5":{"start":{"line":29,"column":2},"end":{"line":31,"column":null}},"6":{"start":{"line":30,"column":4},"end":{"line":30,"column":null}},"7":{"start":{"line":33,"column":17},"end":{"line":33,"column":null}},"8":{"start":{"line":34,"column":26},"end":{"line":34,"column":null}},"9":{"start":{"line":36,"column":2},"end":{"line":53,"column":null}},"10":{"start":{"line":37,"column":4},"end":{"line":40,"column":null}},"11":{"start":{"line":41,"column":4},"end":{"line":41,"column":null}},"12":{"start":{"line":43,"column":4},"end":{"line":45,"column":null}},"13":{"start":{"line":44,"column":6},"end":{"line":44,"column":null}},"14":{"start":{"line":46,"column":4},"end":{"line":48,"column":null}},"15":{"start":{"line":47,"column":6},"end":{"line":47,"column":null}},"16":{"start":{"line":49,"column":4},"end":{"line":51,"column":null}},"17":{"start":{"line":50,"column":6},"end":{"line":50,"column":null}},"18":{"start":{"line":52,"column":4},"end":{"line":52,"column":null}}},"fnMap":{"0":{"name":"handleAdminTotpActivate","decl":{"start":{"line":18,"column":22},"end":{"line":18,"column":null}},"loc":{"start":{"line":21,"column":2},"end":{"line":54,"column":null}},"line":21}},"branchMap":{"0":{"loc":{"start":{"line":23,"column":2},"end":{"line":25,"column":null}},"type":"if","locations":[{"start":{"line":23,"column":2},"end":{"line":25,"column":null}},{"start":{},"end":{}}],"line":23},"1":{"loc":{"start":{"line":29,"column":2},"end":{"line":31,"column":null}},"type":"if","locations":[{"start":{"line":29,"column":2},"end":{"line":31,"column":null}},{"start":{},"end":{}}],"line":29},"2":{"loc":{"start":{"line":43,"column":4},"end":{"line":45,"column":null}},"type":"if","locations":[{"start":{"line":43,"column":4},"end":{"line":45,"column":null}},{"start":{},"end":{}}],"line":43},"3":{"loc":{"start":{"line":46,"column":4},"end":{"line":48,"column":null}},"type":"if","locations":[{"start":{"line":46,"column":4},"end":{"line":48,"column":null}},{"start":{},"end":{}}],"line":46},"4":{"loc":{"start":{"line":49,"column":4},"end":{"line":51,"column":null}},"type":"if","locations":[{"start":{"line":49,"column":4},"end":{"line":51,"column":null}},{"start":{},"end":{}}],"line":49}},"s":{"0":5,"1":5,"2":1,"3":4,"4":4,"5":4,"6":1,"7":3,"8":3,"9":3,"10":3,"11":1,"12":2,"13":1,"14":1,"15":0,"16":1,"17":1,"18":0},"f":{"0":5},"b":{"0":[1,4],"1":[1,3],"2":[1,1],"3":[0,1],"4":[1,0]},"meta":{"lastBranch":5,"lastFunction":1,"lastStatement":19,"seen":{"f:18:22:18:Infinity":0,"s:22:23:22:Infinity":0,"b:23:2:25:Infinity:undefined:undefined:undefined:undefined":0,"s:23:2:25:Infinity":1,"s:24:4:24:Infinity":2,"s:27:14:27:Infinity":3,"s:28:17:28:Infinity":4,"b:29:2:31:Infinity:undefined:undefined:undefined:undefined":1,"s:29:2:31:Infinity":5,"s:30:4:30:Infinity":6,"s:33:17:33:Infinity":7,"s:34:26:34:Infinity":8,"s:36:2:53:Infinity":9,"s:37:4:40:Infinity":10,"s:41:4:41:Infinity":11,"b:43:4:45:Infinity:undefined:undefined:undefined:undefined":2,"s:43:4:45:Infinity":12,"s:44:6:44:Infinity":13,"b:46:4:48:Infinity:undefined:undefined:undefined:undefined":3,"s:46:4:48:Infinity":14,"s:47:6:47:Infinity":15,"b:49:4:51:Infinity:undefined:undefined:undefined:undefined":4,"s:49:4:51:Infinity":16,"s:50:6:50:Infinity":17,"s:52:4:52:Infinity":18},"fnNames":{}}}
,"E:\\Zenly-Ecosystem\\server\\admin\\handlers\\totp-setup-handler.ts": {"path":"E:\\Zenly-Ecosystem\\server\\admin\\handlers\\totp-setup-handler.ts","statementMap":{"0":{"start":{"line":14,"column":23},"end":{"line":14,"column":null}},"1":{"start":{"line":15,"column":2},"end":{"line":17,"column":null}},"2":{"start":{"line":16,"column":4},"end":{"line":16,"column":null}},"3":{"start":{"line":19,"column":17},"end":{"line":19,"column":null}},"4":{"start":{"line":20,"column":26},"end":{"line":20,"column":null}},"5":{"start":{"line":21,"column":16},"end":{"line":21,"column":null}},"6":{"start":{"line":22,"column":2},"end":{"line":24,"column":null}},"7":{"start":{"line":23,"column":4},"end":{"line":23,"column":null}},"8":{"start":{"line":26,"column":2},"end":{"line":39,"column":null}},"9":{"start":{"line":27,"column":19},"end":{"line":32,"column":null}},"10":{"start":{"line":33,"column":4},"end":{"line":33,"column":null}},"11":{"start":{"line":35,"column":4},"end":{"line":37,"column":null}},"12":{"start":{"line":36,"column":6},"end":{"line":36,"column":null}},"13":{"start":{"line":38,"column":4},"end":{"line":38,"column":null}}},"fnMap":{"0":{"name":"handleAdminTotpSetup","decl":{"start":{"line":13,"column":22},"end":{"line":13,"column":43}},"loc":{"start":{"line":13,"column":96},"end":{"line":40,"column":null}},"line":13}},"branchMap":{"0":{"loc":{"start":{"line":15,"column":2},"end":{"line":17,"column":null}},"type":"if","locations":[{"start":{"line":15,"column":2},"end":{"line":17,"column":null}},{"start":{},"end":{}}],"line":15},"1":{"loc":{"start":{"line":22,"column":2},"end":{"line":24,"column":null}},"type":"if","locations":[{"start":{"line":22,"column":2},"end":{"line":24,"column":null}},{"start":{},"end":{}}],"line":22},"2":{"loc":{"start":{"line":35,"column":4},"end":{"line":37,"column":null}},"type":"if","locations":[{"start":{"line":35,"column":4},"end":{"line":37,"column":null}},{"start":{},"end":{}}],"line":35}},"s":{"0":3,"1":3,"2":1,"3":2,"4":2,"5":2,"6":2,"7":0,"8":2,"9":2,"10":1,"11":1,"12":1,"13":0},"f":{"0":3},"b":{"0":[1,2],"1":[0,2],"2":[1,0]},"meta":{"lastBranch":3,"lastFunction":1,"lastStatement":14,"seen":{"f:13:22:13:43":0,"s:14:23:14:Infinity":0,"b:15:2:17:Infinity:undefined:undefined:undefined:undefined":0,"s:15:2:17:Infinity":1,"s:16:4:16:Infinity":2,"s:19:17:19:Infinity":3,"s:20:26:20:Infinity":4,"s:21:16:21:Infinity":5,"b:22:2:24:Infinity:undefined:undefined:undefined:undefined":1,"s:22:2:24:Infinity":6,"s:23:4:23:Infinity":7,"s:26:2:39:Infinity":8,"s:27:19:32:Infinity":9,"s:33:4:33:Infinity":10,"b:35:4:37:Infinity:undefined:undefined:undefined:undefined":2,"s:35:4:37:Infinity":11,"s:36:6:36:Infinity":12,"s:38:4:38:Infinity":13},"fnNames":{}}}
,"E:\\Zenly-Ecosystem\\server\\admin\\handlers\\update-admin-account-handler.ts": {"path":"E:\\Zenly-Ecosystem\\server\\admin\\handlers\\update-admin-account-handler.ts","statementMap":{"0":{"start":{"line":20,"column":16},"end":{"line":20,"column":null}},"1":{"start":{"line":22,"column":19},"end":{"line":22,"column":null}},"2":{"start":{"line":23,"column":2},"end":{"line":25,"column":null}},"3":{"start":{"line":24,"column":4},"end":{"line":24,"column":null}},"4":{"start":{"line":27,"column":14},"end":{"line":27,"column":null}},"5":{"start":{"line":28,"column":17},"end":{"line":28,"column":null}},"6":{"start":{"line":29,"column":2},"end":{"line":31,"column":null}},"7":{"start":{"line":30,"column":4},"end":{"line":30,"column":null}},"8":{"start":{"line":33,"column":17},"end":{"line":33,"column":null}},"9":{"start":{"line":34,"column":26},"end":{"line":34,"column":null}},"10":{"start":{"line":36,"column":2},"end":{"line":50,"column":null}},"11":{"start":{"line":37,"column":4},"end":{"line":37,"column":null}},"12":{"start":{"line":38,"column":4},"end":{"line":38,"column":null}},"13":{"start":{"line":40,"column":4},"end":{"line":42,"column":null}},"14":{"start":{"line":41,"column":6},"end":{"line":41,"column":null}},"15":{"start":{"line":43,"column":4},"end":{"line":48,"column":null}},"16":{"start":{"line":44,"column":6},"end":{"line":47,"column":null}},"17":{"start":{"line":49,"column":4},"end":{"line":49,"column":null}}},"fnMap":{"0":{"name":"handleUpdateAdminAccount","decl":{"start":{"line":16,"column":22},"end":{"line":16,"column":null}},"loc":{"start":{"line":19,"column":2},"end":{"line":51,"column":null}},"line":19}},"branchMap":{"0":{"loc":{"start":{"line":23,"column":2},"end":{"line":25,"column":null}},"type":"if","locations":[{"start":{"line":23,"column":2},"end":{"line":25,"column":null}},{"start":{},"end":{}}],"line":23},"1":{"loc":{"start":{"line":29,"column":2},"end":{"line":31,"column":null}},"type":"if","locations":[{"start":{"line":29,"column":2},"end":{"line":31,"column":null}},{"start":{},"end":{}}],"line":29},"2":{"loc":{"start":{"line":40,"column":4},"end":{"line":42,"column":null}},"type":"if","locations":[{"start":{"line":40,"column":4},"end":{"line":42,"column":null}},{"start":{},"end":{}}],"line":40},"3":{"loc":{"start":{"line":43,"column":4},"end":{"line":48,"column":null}},"type":"if","locations":[{"start":{"line":43,"column":4},"end":{"line":48,"column":null}},{"start":{},"end":{}}],"line":43}},"s":{"0":10,"1":10,"2":10,"3":0,"4":9,"5":9,"6":9,"7":2,"8":7,"9":7,"10":7,"11":7,"12":3,"13":4,"14":1,"15":3,"16":2,"17":1},"f":{"0":10},"b":{"0":[0,10],"1":[2,7],"2":[1,3],"3":[2,1]},"meta":{"lastBranch":4,"lastFunction":1,"lastStatement":18,"seen":{"f:16:22:16:Infinity":0,"s:20:16:20:Infinity":0,"s:22:19:22:Infinity":1,"b:23:2:25:Infinity:undefined:undefined:undefined:undefined":0,"s:23:2:25:Infinity":2,"s:24:4:24:Infinity":3,"s:27:14:27:Infinity":4,"s:28:17:28:Infinity":5,"b:29:2:31:Infinity:undefined:undefined:undefined:undefined":1,"s:29:2:31:Infinity":6,"s:30:4:30:Infinity":7,"s:33:17:33:Infinity":8,"s:34:26:34:Infinity":9,"s:36:2:50:Infinity":10,"s:37:4:37:Infinity":11,"s:38:4:38:Infinity":12,"b:40:4:42:Infinity:undefined:undefined:undefined:undefined":2,"s:40:4:42:Infinity":13,"s:41:6:41:Infinity":14,"b:43:4:48:Infinity:undefined:undefined:undefined:undefined":3,"s:43:4:48:Infinity":15,"s:44:6:47:Infinity":16,"s:49:4:49:Infinity":17},"fnNames":{}}}
,"E:\\Zenly-Ecosystem\\server\\admin\\handlers\\update-feature-flag-handler.ts": {"path":"E:\\Zenly-Ecosystem\\server\\admin\\handlers\\update-feature-flag-handler.ts","statementMap":{"0":{"start":{"line":22,"column":16},"end":{"line":22,"column":null}},"1":{"start":{"line":24,"column":14},"end":{"line":24,"column":null}},"2":{"start":{"line":25,"column":2},"end":{"line":27,"column":null}},"3":{"start":{"line":26,"column":4},"end":{"line":26,"column":null}},"4":{"start":{"line":29,"column":14},"end":{"line":29,"column":null}},"5":{"start":{"line":30,"column":17},"end":{"line":30,"column":null}},"6":{"start":{"line":31,"column":2},"end":{"line":33,"column":null}},"7":{"start":{"line":32,"column":4},"end":{"line":32,"column":null}},"8":{"start":{"line":35,"column":17},"end":{"line":35,"column":null}},"9":{"start":{"line":36,"column":32},"end":{"line":36,"column":null}},"10":{"start":{"line":37,"column":26},"end":{"line":37,"column":null}},"11":{"start":{"line":39,"column":2},"end":{"line":62,"column":null}},"12":{"start":{"line":40,"column":20},"end":{"line":44,"column":null}},"13":{"start":{"line":45,"column":4},"end":{"line":50,"column":null}},"14":{"start":{"line":52,"column":4},"end":{"line":54,"column":null}},"15":{"start":{"line":53,"column":6},"end":{"line":53,"column":null}},"16":{"start":{"line":55,"column":4},"end":{"line":57,"column":null}},"17":{"start":{"line":56,"column":6},"end":{"line":56,"column":null}},"18":{"start":{"line":58,"column":4},"end":{"line":60,"column":null}},"19":{"start":{"line":59,"column":6},"end":{"line":59,"column":null}},"20":{"start":{"line":61,"column":4},"end":{"line":61,"column":null}}},"fnMap":{"0":{"name":"handleUpdateFeatureFlag","decl":{"start":{"line":18,"column":22},"end":{"line":18,"column":null}},"loc":{"start":{"line":21,"column":2},"end":{"line":63,"column":null}},"line":21}},"branchMap":{"0":{"loc":{"start":{"line":25,"column":2},"end":{"line":27,"column":null}},"type":"if","locations":[{"start":{"line":25,"column":2},"end":{"line":27,"column":null}},{"start":{},"end":{}}],"line":25},"1":{"loc":{"start":{"line":31,"column":2},"end":{"line":33,"column":null}},"type":"if","locations":[{"start":{"line":31,"column":2},"end":{"line":33,"column":null}},{"start":{},"end":{}}],"line":31},"2":{"loc":{"start":{"line":52,"column":4},"end":{"line":54,"column":null}},"type":"if","locations":[{"start":{"line":52,"column":4},"end":{"line":54,"column":null}},{"start":{},"end":{}}],"line":52},"3":{"loc":{"start":{"line":55,"column":4},"end":{"line":57,"column":null}},"type":"if","locations":[{"start":{"line":55,"column":4},"end":{"line":57,"column":null}},{"start":{},"end":{}}],"line":55},"4":{"loc":{"start":{"line":58,"column":4},"end":{"line":60,"column":null}},"type":"if","locations":[{"start":{"line":58,"column":4},"end":{"line":60,"column":null}},{"start":{},"end":{}}],"line":58}},"s":{"0":8,"1":8,"2":8,"3":0,"4":7,"5":7,"6":7,"7":1,"8":6,"9":6,"10":6,"11":6,"12":6,"13":2,"14":4,"15":1,"16":3,"17":1,"18":2,"19":1,"20":1},"f":{"0":8},"b":{"0":[0,8],"1":[1,6],"2":[1,3],"3":[1,2],"4":[1,1]},"meta":{"lastBranch":5,"lastFunction":1,"lastStatement":21,"seen":{"f:18:22:18:Infinity":0,"s:22:16:22:Infinity":0,"s:24:14:24:Infinity":1,"b:25:2:27:Infinity:undefined:undefined:undefined:undefined":0,"s:25:2:27:Infinity":2,"s:26:4:26:Infinity":3,"s:29:14:29:Infinity":4,"s:30:17:30:Infinity":5,"b:31:2:33:Infinity:undefined:undefined:undefined:undefined":1,"s:31:2:33:Infinity":6,"s:32:4:32:Infinity":7,"s:35:17:35:Infinity":8,"s:36:32:36:Infinity":9,"s:37:26:37:Infinity":10,"s:39:2:62:Infinity":11,"s:40:20:44:Infinity":12,"s:45:4:50:Infinity":13,"b:52:4:54:Infinity:undefined:undefined:undefined:undefined":2,"s:52:4:54:Infinity":14,"s:53:6:53:Infinity":15,"b:55:4:57:Infinity:undefined:undefined:undefined:undefined":3,"s:55:4:57:Infinity":16,"s:56:6:56:Infinity":17,"b:58:4:60:Infinity:undefined:undefined:undefined:undefined":4,"s:58:4:60:Infinity":18,"s:59:6:59:Infinity":19,"s:61:4:61:Infinity":20},"fnNames":{}}}
,"E:\\Zenly-Ecosystem\\server\\admin\\middleware\\resolve-admin-session.ts": {"path":"E:\\Zenly-Ecosystem\\server\\admin\\middleware\\resolve-admin-session.ts","statementMap":{"0":{"start":{"line":16,"column":16},"end":{"line":16,"column":null}},"1":{"start":{"line":17,"column":2},"end":{"line":19,"column":null}},"2":{"start":{"line":18,"column":4},"end":{"line":18,"column":null}},"3":{"start":{"line":21,"column":17},"end":{"line":21,"column":null}},"4":{"start":{"line":22,"column":26},"end":{"line":22,"column":null}},"5":{"start":{"line":23,"column":19},"end":{"line":23,"column":null}},"6":{"start":{"line":25,"column":2},"end":{"line":27,"column":null}},"7":{"start":{"line":26,"column":4},"end":{"line":26,"column":null}},"8":{"start":{"line":31,"column":2},"end":{"line":31,"column":null}}},"fnMap":{"0":{"name":"resolveAdminSessionMiddleware","decl":{"start":{"line":12,"column":22},"end":{"line":12,"column":null}},"loc":{"start":{"line":15,"column":2},"end":{"line":28,"column":null}},"line":15},"1":{"name":"(anonymous_1)","decl":{"start":{"line":30,"column":15},"end":{"line":30,"column":35}},"loc":{"start":{"line":31,"column":2},"end":{"line":31,"column":null}},"line":31}},"branchMap":{"0":{"loc":{"start":{"line":17,"column":2},"end":{"line":19,"column":null}},"type":"if","locations":[{"start":{"line":17,"column":2},"end":{"line":19,"column":null}},{"start":{},"end":{}}],"line":17},"1":{"loc":{"start":{"line":25,"column":2},"end":{"line":27,"column":null}},"type":"if","locations":[{"start":{"line":25,"column":2},"end":{"line":27,"column":null}},{"start":{},"end":{}}],"line":25}},"s":{"0":14,"1":14,"2":6,"3":8,"4":8,"5":8,"6":8,"7":7,"8":0},"f":{"0":14,"1":0},"b":{"0":[6,8],"1":[7,1]},"meta":{"lastBranch":2,"lastFunction":2,"lastStatement":9,"seen":{"f:12:22:12:Infinity":0,"s:16:16:16:Infinity":0,"b:17:2:19:Infinity:undefined:undefined:undefined:undefined":0,"s:17:2:19:Infinity":1,"s:18:4:18:Infinity":2,"s:21:17:21:Infinity":3,"s:22:26:22:Infinity":4,"s:23:19:23:Infinity":5,"b:25:2:27:Infinity:undefined:undefined:undefined:undefined":1,"s:25:2:27:Infinity":6,"s:26:4:26:Infinity":7,"f:30:15:30:35":1,"s:31:2:31:Infinity":8},"fnNames":{}}}
,"E:\\Zenly-Ecosystem\\server\\admin\\repository\\admin-repository.ts": {"path":"E:\\Zenly-Ecosystem\\server\\admin\\repository\\admin-repository.ts","statementMap":{"0":{"start":{"line":38,"column":31},"end":{"line":38,"column":53}},"1":{"start":{"line":41,"column":4},"end":{"line":41,"column":null}},"2":{"start":{"line":45,"column":4},"end":{"line":45,"column":null}},"3":{"start":{"line":49,"column":4},"end":{"line":49,"column":null}},"4":{"start":{"line":53,"column":4},"end":{"line":53,"column":null}},"5":{"start":{"line":57,"column":4},"end":{"line":57,"column":null}},"6":{"start":{"line":61,"column":4},"end":{"line":65,"column":null}},"7":{"start":{"line":69,"column":4},"end":{"line":72,"column":null}},"8":{"start":{"line":76,"column":4},"end":{"line":76,"column":null}},"9":{"start":{"line":80,"column":4},"end":{"line":83,"column":null}},"10":{"start":{"line":87,"column":4},"end":{"line":87,"column":null}},"11":{"start":{"line":91,"column":4},"end":{"line":91,"column":null}},"12":{"start":{"line":104,"column":4},"end":{"line":115,"column":null}},"13":{"start":{"line":105,"column":38},"end":{"line":105,"column":null}},"14":{"start":{"line":110,"column":24},"end":{"line":110,"column":null}},"15":{"start":{"line":110,"column":64},"end":{"line":110,"column":96}},"16":{"start":{"line":111,"column":6},"end":{"line":113,"column":null}},"17":{"start":{"line":112,"column":8},"end":{"line":112,"column":null}},"18":{"start":{"line":114,"column":6},"end":{"line":114,"column":null}},"19":{"start":{"line":123,"column":4},"end":{"line":128,"column":null}},"20":{"start":{"line":124,"column":6},"end":{"line":126,"column":null}},"21":{"start":{"line":125,"column":8},"end":{"line":125,"column":null}},"22":{"start":{"line":127,"column":6},"end":{"line":127,"column":null}},"23":{"start":{"line":129,"column":4},"end":{"line":132,"column":null}},"24":{"start":{"line":136,"column":4},"end":{"line":144,"column":null}},"25":{"start":{"line":137,"column":6},"end":{"line":142,"column":null}},"26":{"start":{"line":138,"column":8},"end":{"line":141,"column":null}},"27":{"start":{"line":143,"column":6},"end":{"line":143,"column":null}},"28":{"start":{"line":145,"column":4},"end":{"line":148,"column":null}},"29":{"start":{"line":152,"column":4},"end":{"line":155,"column":null}},"30":{"start":{"line":159,"column":4},"end":{"line":159,"column":null}}},"fnMap":{"0":{"name":"constructor","decl":{"start":{"line":38,"column":2},"end":{"line":38,"column":14}},"loc":{"start":{"line":38,"column":53},"end":{"line":38,"column":null}},"line":38},"1":{"name":"findByEmail","decl":{"start":{"line":40,"column":2},"end":{"line":40,"column":14}},"loc":{"start":{"line":40,"column":59},"end":{"line":42,"column":null}},"line":40},"2":{"name":"findById","decl":{"start":{"line":44,"column":2},"end":{"line":44,"column":11}},"loc":{"start":{"line":44,"column":65},"end":{"line":46,"column":null}},"line":44},"3":{"name":"createAdminSession","decl":{"start":{"line":48,"column":2},"end":{"line":48,"column":21}},"loc":{"start":{"line":48,"column":53},"end":{"line":50,"column":null}},"line":48},"4":{"name":"findAdminSessionByTokenHash","decl":{"start":{"line":52,"column":2},"end":{"line":52,"column":30}},"loc":{"start":{"line":52,"column":49},"end":{"line":54,"column":null}},"line":52},"5":{"name":"findTotpCredential","decl":{"start":{"line":56,"column":2},"end":{"line":56,"column":21}},"loc":{"start":{"line":56,"column":82},"end":{"line":58,"column":null}},"line":56},"6":{"name":"upsertTotpCredential","decl":{"start":{"line":60,"column":2},"end":{"line":60,"column":23}},"loc":{"start":{"line":60,"column":87},"end":{"line":66,"column":null}},"line":60},"7":{"name":"activateTotpCredential","decl":{"start":{"line":68,"column":2},"end":{"line":68,"column":25}},"loc":{"start":{"line":68,"column":67},"end":{"line":73,"column":null}},"line":68},"8":{"name":"findAdminSessionById","decl":{"start":{"line":75,"column":2},"end":{"line":75,"column":23}},"loc":{"start":{"line":75,"column":35},"end":{"line":77,"column":null}},"line":75},"9":{"name":"markAdminSessionTotpVerified","decl":{"start":{"line":79,"column":2},"end":{"line":79,"column":31}},"loc":{"start":{"line":79,"column":43},"end":{"line":84,"column":null}},"line":79},"10":{"name":"createAdminAccount","decl":{"start":{"line":86,"column":2},"end":{"line":86,"column":21}},"loc":{"start":{"line":86,"column":76},"end":{"line":88,"column":null}},"line":86},"11":{"name":"createAuditLog","decl":{"start":{"line":90,"column":2},"end":{"line":90,"column":17}},"loc":{"start":{"line":90,"column":45},"end":{"line":92,"column":null}},"line":90},"12":{"name":"withLastActiveSuperAdminGuard","decl":{"start":{"line":100,"column":16},"end":{"line":100,"column":null}},"loc":{"start":{"line":103,"column":19},"end":{"line":116,"column":null}},"line":103},"13":{"name":"(anonymous_13)","decl":{"start":{"line":104,"column":35},"end":{"line":104,"column":42}},"loc":{"start":{"line":104,"column":49},"end":{"line":115,"column":5}},"line":104},"14":{"name":"(anonymous_14)","decl":{"start":{"line":110,"column":48},"end":{"line":110,"column":56}},"loc":{"start":{"line":110,"column":64},"end":{"line":110,"column":96}},"line":110},"15":{"name":"updateAdminAccountRole","decl":{"start":{"line":118,"column":8},"end":{"line":118,"column":null}},"loc":{"start":{"line":122,"column":19},"end":{"line":133,"column":null}},"line":122},"16":{"name":"(anonymous_16)","decl":{"start":{"line":124,"column":63},"end":{"line":124,"column":70}},"loc":{"start":{"line":124,"column":77},"end":{"line":126,"column":7}},"line":124},"17":{"name":"disableAdminAccount","decl":{"start":{"line":135,"column":8},"end":{"line":135,"column":28}},"loc":{"start":{"line":135,"column":91},"end":{"line":149,"column":null}},"line":135},"18":{"name":"(anonymous_18)","decl":{"start":{"line":137,"column":63},"end":{"line":137,"column":70}},"loc":{"start":{"line":137,"column":77},"end":{"line":142,"column":7}},"line":137},"19":{"name":"enableAdminAccount","decl":{"start":{"line":151,"column":2},"end":{"line":151,"column":21}},"loc":{"start":{"line":151,"column":68},"end":{"line":156,"column":null}},"line":151},"20":{"name":"listAdminAccounts","decl":{"start":{"line":158,"column":2},"end":{"line":158,"column":47}},"loc":{"start":{"line":158,"column":47},"end":{"line":160,"column":null}},"line":158}},"branchMap":{"0":{"loc":{"start":{"line":111,"column":6},"end":{"line":113,"column":null}},"type":"if","locations":[{"start":{"line":111,"column":6},"end":{"line":113,"column":null}},{"start":{},"end":{}}],"line":111},"1":{"loc":{"start":{"line":123,"column":4},"end":{"line":128,"column":null}},"type":"if","locations":[{"start":{"line":123,"column":4},"end":{"line":128,"column":null}},{"start":{},"end":{}}],"line":123},"2":{"loc":{"start":{"line":123,"column":8},"end":{"line":123,"column":62}},"type":"binary-expr","locations":[{"start":{"line":123,"column":8},"end":{"line":123,"column":41}},{"start":{"line":123,"column":41},"end":{"line":123,"column":62}}],"line":123},"3":{"loc":{"start":{"line":136,"column":4},"end":{"line":144,"column":null}},"type":"if","locations":[{"start":{"line":136,"column":4},"end":{"line":144,"column":null}},{"start":{},"end":{}}],"line":136}},"s":{"0":4,"1":6,"2":8,"3":6,"4":5,"5":16,"6":6,"7":5,"8":0,"9":2,"10":1,"11":8,"12":6,"13":6,"14":6,"15":8,"16":6,"17":4,"18":2,"19":5,"20":5,"21":2,"22":2,"23":0,"24":1,"25":1,"26":0,"27":0,"28":0,"29":1,"30":0},"f":{"0":4,"1":6,"2":8,"3":6,"4":5,"5":16,"6":6,"7":5,"8":0,"9":2,"10":1,"11":8,"12":6,"13":6,"14":8,"15":5,"16":2,"17":1,"18":0,"19":1,"20":0},"b":{"0":[4,2],"1":[5,0],"2":[5,5],"3":[1,0]},"meta":{"lastBranch":4,"lastFunction":21,"lastStatement":31,"seen":{"f:38:2:38:14":0,"s:38:31:38:53":0,"f:40:2:40:14":1,"s:41:4:41:Infinity":1,"f:44:2:44:11":2,"s:45:4:45:Infinity":2,"f:48:2:48:21":3,"s:49:4:49:Infinity":3,"f:52:2:52:30":4,"s:53:4:53:Infinity":4,"f:56:2:56:21":5,"s:57:4:57:Infinity":5,"f:60:2:60:23":6,"s:61:4:65:Infinity":6,"f:68:2:68:25":7,"s:69:4:72:Infinity":7,"f:75:2:75:23":8,"s:76:4:76:Infinity":8,"f:79:2:79:31":9,"s:80:4:83:Infinity":9,"f:86:2:86:21":10,"s:87:4:87:Infinity":10,"f:90:2:90:17":11,"s:91:4:91:Infinity":11,"f:100:16:100:Infinity":12,"s:104:4:115:Infinity":12,"f:104:35:104:42":13,"s:105:38:105:Infinity":13,"s:110:24:110:Infinity":14,"f:110:48:110:56":14,"s:110:64:110:96":15,"b:111:6:113:Infinity:undefined:undefined:undefined:undefined":0,"s:111:6:113:Infinity":16,"s:112:8:112:Infinity":17,"s:114:6:114:Infinity":18,"f:118:8:118:Infinity":15,"b:123:4:128:Infinity:undefined:undefined:undefined:undefined":1,"s:123:4:128:Infinity":19,"b:123:8:123:41:123:41:123:62":2,"s:124:6:126:Infinity":20,"f:124:63:124:70":16,"s:125:8:125:Infinity":21,"s:127:6:127:Infinity":22,"s:129:4:132:Infinity":23,"f:135:8:135:28":17,"b:136:4:144:Infinity:undefined:undefined:undefined:undefined":3,"s:136:4:144:Infinity":24,"s:137:6:142:Infinity":25,"f:137:63:137:70":18,"s:138:8:141:Infinity":26,"s:143:6:143:Infinity":27,"s:145:4:148:Infinity":28,"f:151:2:151:21":19,"s:152:4:155:Infinity":29,"f:158:2:158:47":20,"s:159:4:159:Infinity":30},"fnNames":{}}}
,"E:\\Zenly-Ecosystem\\server\\admin\\repository\\feature-flag-repository.ts": {"path":"E:\\Zenly-Ecosystem\\server\\admin\\repository\\feature-flag-repository.ts","statementMap":{"0":{"start":{"line":7,"column":31},"end":{"line":7,"column":53}},"1":{"start":{"line":10,"column":4},"end":{"line":10,"column":null}},"2":{"start":{"line":14,"column":4},"end":{"line":14,"column":null}},"3":{"start":{"line":23,"column":19},"end":{"line":26,"column":null}},"4":{"start":{"line":28,"column":4},"end":{"line":34,"column":null}},"5":{"start":{"line":29,"column":22},"end":{"line":29,"column":null}},"6":{"start":{"line":30,"column":6},"end":{"line":32,"column":null}},"7":{"start":{"line":31,"column":8},"end":{"line":31,"column":null}},"8":{"start":{"line":33,"column":6},"end":{"line":33,"column":null}},"9":{"start":{"line":36,"column":20},"end":{"line":36,"column":null}},"10":{"start":{"line":37,"column":4},"end":{"line":39,"column":null}},"11":{"start":{"line":38,"column":6},"end":{"line":38,"column":null}},"12":{"start":{"line":40,"column":4},"end":{"line":40,"column":null}}},"fnMap":{"0":{"name":"constructor","decl":{"start":{"line":7,"column":2},"end":{"line":7,"column":14}},"loc":{"start":{"line":7,"column":53},"end":{"line":7,"column":null}},"line":7},"1":{"name":"listFeatureFlags","decl":{"start":{"line":9,"column":2},"end":{"line":9,"column":45}},"loc":{"start":{"line":9,"column":45},"end":{"line":11,"column":null}},"line":9},"2":{"name":"findFeatureFlagByKey","decl":{"start":{"line":13,"column":2},"end":{"line":13,"column":23}},"loc":{"start":{"line":13,"column":65},"end":{"line":15,"column":null}},"line":13},"3":{"name":"updateFeatureFlag","decl":{"start":{"line":17,"column":8},"end":{"line":17,"column":null}},"loc":{"start":{"line":22,"column":26},"end":{"line":41,"column":null}},"line":22}},"branchMap":{"0":{"loc":{"start":{"line":28,"column":4},"end":{"line":34,"column":null}},"type":"if","locations":[{"start":{"line":28,"column":4},"end":{"line":34,"column":null}},{"start":{},"end":{}}],"line":28},"1":{"loc":{"start":{"line":30,"column":6},"end":{"line":32,"column":null}},"type":"if","locations":[{"start":{"line":30,"column":6},"end":{"line":32,"column":null}},{"start":{},"end":{}}],"line":30},"2":{"loc":{"start":{"line":37,"column":4},"end":{"line":39,"column":null}},"type":"if","locations":[{"start":{"line":37,"column":4},"end":{"line":39,"column":null}},{"start":{},"end":{}}],"line":37}},"s":{"0":1,"1":0,"2":7,"3":6,"4":6,"5":2,"6":2,"7":0,"8":2,"9":4,"10":4,"11":0,"12":4},"f":{"0":1,"1":0,"2":7,"3":6},"b":{"0":[2,4],"1":[0,2],"2":[0,4]},"meta":{"lastBranch":3,"lastFunction":4,"lastStatement":13,"seen":{"f:7:2:7:14":0,"s:7:31:7:53":0,"f:9:2:9:45":1,"s:10:4:10:Infinity":1,"f:13:2:13:23":2,"s:14:4:14:Infinity":2,"f:17:8:17:Infinity":3,"s:23:19:26:Infinity":3,"b:28:4:34:Infinity:undefined:undefined:undefined:undefined":0,"s:28:4:34:Infinity":4,"s:29:22:29:Infinity":5,"b:30:6:32:Infinity:undefined:undefined:undefined:undefined":1,"s:30:6:32:Infinity":6,"s:31:8:31:Infinity":7,"s:33:6:33:Infinity":8,"s:36:20:36:Infinity":9,"b:37:4:39:Infinity:undefined:undefined:undefined:undefined":2,"s:37:4:39:Infinity":10,"s:38:6:38:Infinity":11,"s:40:4:40:Infinity":12},"fnNames":{}}}
,"E:\\Zenly-Ecosystem\\server\\admin\\use-cases\\activate-totp.ts": {"path":"E:\\Zenly-Ecosystem\\server\\admin\\use-cases\\activate-totp.ts","statementMap":{"0":{"start":{"line":19,"column":21},"end":{"line":19,"column":null}},"1":{"start":{"line":20,"column":2},"end":{"line":22,"column":null}},"2":{"start":{"line":21,"column":4},"end":{"line":21,"column":null}},"3":{"start":{"line":23,"column":2},"end":{"line":25,"column":null}},"4":{"start":{"line":24,"column":4},"end":{"line":24,"column":null}},"5":{"start":{"line":27,"column":23},"end":{"line":27,"column":null}},"6":{"start":{"line":28,"column":15},"end":{"line":28,"column":null}},"7":{"start":{"line":29,"column":16},"end":{"line":29,"column":null}},"8":{"start":{"line":31,"column":2},"end":{"line":33,"column":null}},"9":{"start":{"line":32,"column":4},"end":{"line":32,"column":null}},"10":{"start":{"line":35,"column":2},"end":{"line":35,"column":null}}},"fnMap":{"0":{"name":"activateTotp","decl":{"start":{"line":14,"column":22},"end":{"line":14,"column":null}},"loc":{"start":{"line":18,"column":17},"end":{"line":36,"column":null}},"line":18}},"branchMap":{"0":{"loc":{"start":{"line":20,"column":2},"end":{"line":22,"column":null}},"type":"if","locations":[{"start":{"line":20,"column":2},"end":{"line":22,"column":null}},{"start":{},"end":{}}],"line":20},"1":{"loc":{"start":{"line":23,"column":2},"end":{"line":25,"column":null}},"type":"if","locations":[{"start":{"line":23,"column":2},"end":{"line":25,"column":null}},{"start":{},"end":{}}],"line":23},"2":{"loc":{"start":{"line":31,"column":2},"end":{"line":33,"column":null}},"type":"if","locations":[{"start":{"line":31,"column":2},"end":{"line":33,"column":null}},{"start":{},"end":{}}],"line":31}},"s":{"0":13,"1":13,"2":2,"3":11,"4":1,"5":10,"6":10,"7":10,"8":10,"9":3,"10":7},"f":{"0":13},"b":{"0":[2,11],"1":[1,10],"2":[3,7]},"meta":{"lastBranch":3,"lastFunction":1,"lastStatement":11,"seen":{"f:14:22:14:Infinity":0,"s:19:21:19:Infinity":0,"b:20:2:22:Infinity:undefined:undefined:undefined:undefined":0,"s:20:2:22:Infinity":1,"s:21:4:21:Infinity":2,"b:23:2:25:Infinity:undefined:undefined:undefined:undefined":1,"s:23:2:25:Infinity":3,"s:24:4:24:Infinity":4,"s:27:23:27:Infinity":5,"s:28:15:28:Infinity":6,"s:29:16:29:Infinity":7,"b:31:2:33:Infinity:undefined:undefined:undefined:undefined":2,"s:31:2:33:Infinity":8,"s:32:4:32:Infinity":9,"s:35:2:35:Infinity":10},"fnNames":{}}}
,"E:\\Zenly-Ecosystem\\server\\admin\\use-cases\\create-admin-account.ts": {"path":"E:\\Zenly-Ecosystem\\server\\admin\\use-cases\\create-admin-account.ts","statementMap":{"0":{"start":{"line":16,"column":23},"end":{"line":16,"column":null}},"1":{"start":{"line":17,"column":18},"end":{"line":21,"column":null}},"2":{"start":{"line":23,"column":2},"end":{"line":29,"column":null}},"3":{"start":{"line":31,"column":2},"end":{"line":31,"column":null}}},"fnMap":{"0":{"name":"createAdminAccount","decl":{"start":{"line":11,"column":22},"end":{"line":11,"column":null}},"loc":{"start":{"line":15,"column":25},"end":{"line":32,"column":null}},"line":15}},"branchMap":{},"s":{"0":7,"1":7,"2":5,"3":5},"f":{"0":7},"b":{},"meta":{"lastBranch":0,"lastFunction":1,"lastStatement":4,"seen":{"f:11:22:11:Infinity":0,"s:16:23:16:Infinity":0,"s:17:18:21:Infinity":1,"s:23:2:29:Infinity":2,"s:31:2:31:Infinity":3},"fnNames":{}}}
,"E:\\Zenly-Ecosystem\\server\\admin\\use-cases\\list-admin-accounts.ts": {"path":"E:\\Zenly-Ecosystem\\server\\admin\\use-cases\\list-admin-accounts.ts","statementMap":{"0":{"start":{"line":7,"column":2},"end":{"line":7,"column":null}}},"fnMap":{"0":{"name":"listAdminAccounts","decl":{"start":{"line":4,"column":22},"end":{"line":4,"column":40}},"loc":{"start":{"line":6,"column":28},"end":{"line":8,"column":null}},"line":6}},"branchMap":{},"s":{"0":2},"f":{"0":2},"b":{},"meta":{"lastBranch":0,"lastFunction":1,"lastStatement":1,"seen":{"f:4:22:4:40":0,"s:7:2:7:Infinity":0},"fnNames":{}}}
[...]
,"E:\\Zenly-Ecosystem\\server\\identity\\use-cases\\profile.ts": {"path":"E:\\Zenly-Ecosystem\\server\\identity\\use-cases\\profile.ts","statementMap":{"0":{"start":{"line":18,"column":2},"end":{"line":18,"column":null}},"1":{"start":{"line":25,"column":15},"end":{"line":25,"column":null}},"2":{"start":{"line":26,"column":2},"end":{"line":28,"column":null}},"3":{"start":{"line":27,"column":4},"end":{"line":27,"column":null}},"4":{"start":{"line":29,"column":2},"end":{"line":29,"column":null}},"5":{"start":{"line":41,"column":15},"end":{"line":41,"column":null}},"6":{"start":{"line":42,"column":2},"end":{"line":42,"column":null}}},"fnMap":{"0":{"name":"toProfileDto","decl":{"start":{"line":12,"column":9},"end":{"line":12,"column":22}},"loc":{"start":{"line":17,"column":15},"end":{"line":19,"column":null}},"line":17},"1":{"name":"getProfile","decl":{"start":{"line":21,"column":22},"end":{"line":21,"column":null}},"loc":{"start":{"line":24,"column":23},"end":{"line":30,"column":null}},"line":24},"2":{"name":"updateProfile","decl":{"start":{"line":36,"column":22},"end":{"line":36,"column":null}},"loc":{"start":{"line":40,"column":23},"end":{"line":43,"column":null}},"line":40}},"branchMap":{"0":{"loc":{"start":{"line":26,"column":2},"end":{"line":28,"column":null}},"type":"if","locations":[{"start":{"line":26,"column":2},"end":{"line":28,"column":null}},{"start":{},"end":{}}],"line":26}},"s":{"0":6,"1":4,"2":4,"3":1,"4":3,"5":3,"6":3},"f":{"0":6,"1":4,"2":3},"b":{"0":[1,3]},"meta":{"lastBranch":1,"lastFunction":3,"lastStatement":7,"seen":{"f:12:9:12:22":0,"s:18:2:18:Infinity":0,"f:21:22:21:Infinity":1,"s:25:15:25:Infinity":1,"b:26:2:28:Infinity:undefined:undefined:undefined:undefined":0,"s:26:2:28:Infinity":2,"s:27:4:27:Infinity":3,"s:29:2:29:Infinity":4,"f:36:22:36:Infinity":2,"s:41:15:41:Infinity":5,"s:42:2:42:Infinity":6},"fnNames":{}}}
,"E:\\Zenly-Ecosystem\\server\\identity\\use-cases\\register-user.ts": {"path":"E:\\Zenly-Ecosystem\\server\\identity\\use-cases\\register-user.ts","statementMap":{"0":{"start":{"line":7,"column":36},"end":{"line":7,"column":null}},"1":{"start":{"line":10,"column":2},"end":{"line":12,"column":null}},"2":{"start":{"line":16,"column":40},"end":{"line":16,"column":null}},"3":{"start":{"line":34,"column":19},"end":{"line":34,"column":null}},"4":{"start":{"line":35,"column":2},"end":{"line":37,"column":null}},"5":{"start":{"line":36,"column":4},"end":{"line":36,"column":null}},"6":{"start":{"line":39,"column":23},"end":{"line":39,"column":null}},"7":{"start":{"line":41,"column":2},"end":{"line":54,"column":null}},"8":{"start":{"line":42,"column":4},"end":{"line":46,"column":null}},"9":{"start":{"line":48,"column":4},"end":{"line":52,"column":null}},"10":{"start":{"line":51,"column":6},"end":{"line":51,"column":null}},"11":{"start":{"line":53,"column":4},"end":{"line":53,"column":null}},"12":{"start":{"line":56,"column":16},"end":{"line":56,"column":30}},"13":{"start":{"line":57,"column":2},"end":{"line":61,"column":null}},"14":{"start":{"line":63,"column":2},"end":{"line":72,"column":null}},"15":{"start":{"line":64,"column":4},"end":{"line":68,"column":null}}},"fnMap":{"0":{"name":"isUniqueConstraintViolation","decl":{"start":{"line":9,"column":9},"end":{"line":9,"column":37}},"loc":{"start":{"line":9,"column":62},"end":{"line":14,"column":null}},"line":9},"1":{"name":"registerUser","decl":{"start":{"line":30,"column":22},"end":{"line":30,"column":null}},"loc":{"start":{"line":33,"column":17},"end":{"line":73,"column":null}},"line":33}},"branchMap":{"0":{"loc":{"start":{"line":11,"column":4},"end":{"line":12,"column":null}},"type":"binary-expr","locations":[{"start":{"line":11,"column":4},"end":{"line":11,"column":null}},{"start":{"line":12,"column":4},"end":{"line":12,"column":null}}],"line":11},"1":{"loc":{"start":{"line":35,"column":2},"end":{"line":37,"column":null}},"type":"if","locations":[{"start":{"line":35,"column":2},"end":{"line":37,"column":null}},{"start":{},"end":{}}],"line":35},"2":{"loc":{"start":{"line":48,"column":4},"end":{"line":52,"column":null}},"type":"if","locations":[{"start":{"line":48,"column":4},"end":{"line":52,"column":null}},{"start":{},"end":{}}],"line":48}},"s":{"0":3,"1":3,"2":3,"3":14,"4":14,"5":2,"6":12,"7":12,"8":12,"9":3,"10":2,"11":1,"12":9,"13":9,"14":9,"15":9},"f":{"0":3,"1":14},"b":{"0":[3,2],"1":[2,12],"2":[2,1]},"meta":{"lastBranch":3,"lastFunction":2,"lastStatement":16,"seen":{"s:7:36:7:Infinity":0,"f:9:9:9:37":0,"s:10:2:12:Infinity":1,"b:11:4:11:Infinity:12:4:12:Infinity":0,"s:16:40:16:Infinity":2,"f:30:22:30:Infinity":1,"s:34:19:34:Infinity":3,"b:35:2:37:Infinity:undefined:undefined:undefined:undefined":1,"s:35:2:37:Infinity":4,"s:36:4:36:Infinity":5,"s:39:23:39:Infinity":6,"s:41:2:54:Infinity":7,"s:42:4:46:Infinity":8,"b:48:4:52:Infinity:undefined:undefined:undefined:undefined":2,"s:48:4:52:Infinity":9,"s:51:6:51:Infinity":10,"s:53:4:53:Infinity":11,"s:56:16:56:30":12,"s:57:2:61:Infinity":13,"s:63:2:72:Infinity":14,"s:64:4:68:Infinity":15},"fnNames":{}}}
,"E:\\Zenly-Ecosystem\\server\\identity\\use-cases\\request-password-reset.ts": {"path":"E:\\Zenly-Ecosystem\\server\\identity\\use-cases\\request-password-reset.ts","statementMap":{"0":{"start":{"line":5,"column":36},"end":{"line":5,"column":null}},"1":{"start":{"line":21,"column":15},"end":{"line":21,"column":null}},"2":{"start":{"line":22,"column":2},"end":{"line":24,"column":null}},"3":{"start":{"line":23,"column":4},"end":{"line":23,"column":null}},"4":{"start":{"line":26,"column":16},"end":{"line":26,"column":30}},"5":{"start":{"line":27,"column":2},"end":{"line":31,"column":null}},"6":{"start":{"line":33,"column":2},"end":{"line":41,"column":null}},"7":{"start":{"line":34,"column":4},"end":{"line":38,"column":null}}},"fnMap":{"0":{"name":"requestPasswordReset","decl":{"start":{"line":17,"column":22},"end":{"line":17,"column":null}},"loc":{"start":{"line":20,"column":17},"end":{"line":42,"column":null}},"line":20}},"branchMap":{"0":{"loc":{"start":{"line":22,"column":2},"end":{"line":24,"column":null}},"type":"if","locations":[{"start":{"line":22,"column":2},"end":{"line":24,"column":null}},{"start":{},"end":{}}],"line":22}},"s":{"0":3,"1":9,"2":9,"3":2,"4":7,"5":7,"6":7,"7":7},"f":{"0":9},"b":{"0":[2,7]},"meta":{"lastBranch":1,"lastFunction":1,"lastStatement":8,"seen":{"s:5:36:5:Infinity":0,"f:17:22:17:Infinity":0,"s:21:15:21:Infinity":1,"b:22:2:24:Infinity:undefined:undefined:undefined:undefined":0,"s:22:2:24:Infinity":2,"s:23:4:23:Infinity":3,"s:26:16:26:30":4,"s:27:2:31:Infinity":5,"s:33:2:41:Infinity":6,"s:34:4:38:Infinity":7},"fnNames":{}}}
,"E:\\Zenly-Ecosystem\\server\\identity\\use-cases\\reset-password.ts": {"path":"E:\\Zenly-Ecosystem\\server\\identity\\use-cases\\reset-password.ts","statementMap":{"0":{"start":{"line":18,"column":20},"end":{"line":18,"column":null}},"1":{"start":{"line":19,"column":17},"end":{"line":19,"column":null}},"2":{"start":{"line":21,"column":2},"end":{"line":23,"column":null}},"3":{"start":{"line":22,"column":4},"end":{"line":22,"column":null}},"4":{"start":{"line":24,"column":2},"end":{"line":26,"column":null}},"5":{"start":{"line":25,"column":4},"end":{"line":25,"column":null}},"6":{"start":{"line":27,"column":2},"end":{"line":29,"column":null}},"7":{"start":{"line":28,"column":4},"end":{"line":28,"column":null}},"8":{"start":{"line":31,"column":23},"end":{"line":31,"column":null}},"9":{"start":{"line":32,"column":2},"end":{"line":36,"column":null}}},"fnMap":{"0":{"name":"resetPassword","decl":{"start":{"line":14,"column":22},"end":{"line":14,"column":null}},"loc":{"start":{"line":17,"column":17},"end":{"line":37,"column":null}},"line":17}},"branchMap":{"0":{"loc":{"start":{"line":21,"column":2},"end":{"line":23,"column":null}},"type":"if","locations":[{"start":{"line":21,"column":2},"end":{"line":23,"column":null}},{"start":{},"end":{}}],"line":21},"1":{"loc":{"start":{"line":24,"column":2},"end":{"line":26,"column":null}},"type":"if","locations":[{"start":{"line":24,"column":2},"end":{"line":26,"column":null}},{"start":{},"end":{}}],"line":24},"2":{"loc":{"start":{"line":27,"column":2},"end":{"line":29,"column":null}},"type":"if","locations":[{"start":{"line":27,"column":2},"end":{"line":29,"column":null}},{"start":{},"end":{}}],"line":27}},"s":{"0":14,"1":14,"2":14,"3":2,"4":12,"5":3,"6":9,"7":2,"8":7,"9":7},"f":{"0":14},"b":{"0":[2,12],"1":[3,9],"2":[2,7]},"meta":{"lastBranch":3,"lastFunction":1,"lastStatement":10,"seen":{"f:14:22:14:Infinity":0,"s:18:20:18:Infinity":0,"s:19:17:19:Infinity":1,"b:21:2:23:Infinity:undefined:undefined:undefined:undefined":0,"s:21:2:23:Infinity":2,"s:22:4:22:Infinity":3,"b:24:2:26:Infinity:undefined:undefined:undefined:undefined":1,"s:24:2:26:Infinity":4,"s:25:4:25:Infinity":5,"b:27:2:29:Infinity:undefined:undefined:undefined:undefined":2,"s:27:2:29:Infinity":6,"s:28:4:28:Infinity":7,"s:31:23:31:Infinity":8,"s:32:2:36:Infinity":9},"fnNames":{}}}
,"E:\\Zenly-Ecosystem\\server\\identity\\use-cases\\resolve-session.ts": {"path":"E:\\Zenly-Ecosystem\\server\\identity\\use-cases\\resolve-session.ts","statementMap":{"0":{"start":{"line":12,"column":2},"end":{"line":14,"column":null}},"1":{"start":{"line":13,"column":4},"end":{"line":13,"column":null}},"2":{"start":{"line":16,"column":18},"end":{"line":16,"column":null}},"3":{"start":{"line":17,"column":2},"end":{"line":19,"column":null}},"4":{"start":{"line":18,"column":4},"end":{"line":18,"column":null}},"5":{"start":{"line":20,"column":2},"end":{"line":22,"column":null}},"6":{"start":{"line":21,"column":4},"end":{"line":21,"column":null}},"7":{"start":{"line":23,"column":2},"end":{"line":25,"column":null}},"8":{"start":{"line":24,"column":4},"end":{"line":24,"column":null}},"9":{"start":{"line":27,"column":2},"end":{"line":27,"column":null}}},"fnMap":{"0":{"name":"resolveSession","decl":{"start":{"line":8,"column":22},"end":{"line":8,"column":null}},"loc":{"start":{"line":11,"column":35},"end":{"line":28,"column":null}},"line":11}},"branchMap":{"0":{"loc":{"start":{"line":12,"column":2},"end":{"line":14,"column":null}},"type":"if","locations":[{"start":{"line":12,"column":2},"end":{"line":14,"column":null}},{"start":{},"end":{}}],"line":12},"1":{"loc":{"start":{"line":17,"column":2},"end":{"line":19,"column":null}},"type":"if","locations":[{"start":{"line":17,"column":2},"end":{"line":19,"column":null}},{"start":{},"end":{}}],"line":17},"2":{"loc":{"start":{"line":20,"column":2},"end":{"line":22,"column":null}},"type":"if","locations":[{"start":{"line":20,"column":2},"end":{"line":22,"column":null}},{"start":{},"end":{}}],"line":20},"3":{"loc":{"start":{"line":23,"column":2},"end":{"line":25,"column":null}},"type":"if","locations":[{"start":{"line":23,"column":2},"end":{"line":25,"column":null}},{"start":{},"end":{}}],"line":23}},"s":{"0":16,"1":1,"2":15,"3":15,"4":1,"5":14,"6":4,"7":10,"8":2,"9":8},"f":{"0":16},"b":{"0":[1,15],"1":[1,14],"2":[4,10],"3":[2,8]},"meta":{"lastBranch":4,"lastFunction":1,"lastStatement":10,"seen":{"f:8:22:8:Infinity":0,"b:12:2:14:Infinity:undefined:undefined:undefined:undefined":0,"s:12:2:14:Infinity":0,"s:13:4:13:Infinity":1,"s:16:18:16:Infinity":2,"b:17:2:19:Infinity:undefined:undefined:undefined:undefined":1,"s:17:2:19:Infinity":3,"s:18:4:18:Infinity":4,"b:20:2:22:Infinity:undefined:undefined:undefined:undefined":2,"s:20:2:22:Infinity":5,"s:21:4:21:Infinity":6,"b:23:2:25:Infinity:undefined:undefined:undefined:undefined":3,"s:23:2:25:Infinity":7,"s:24:4:24:Infinity":8,"s:27:2:27:Infinity":9},"fnNames":{}}}
,"E:\\Zenly-Ecosystem\\server\\identity\\use-cases\\verify-email.ts": {"path":"E:\\Zenly-Ecosystem\\server\\identity\\use-cases\\verify-email.ts","statementMap":{"0":{"start":{"line":16,"column":20},"end":{"line":16,"column":null}},"1":{"start":{"line":17,"column":17},"end":{"line":17,"column":null}},"2":{"start":{"line":19,"column":2},"end":{"line":21,"column":null}},"3":{"start":{"line":20,"column":4},"end":{"line":20,"column":null}},"4":{"start":{"line":22,"column":2},"end":{"line":24,"column":null}},"5":{"start":{"line":23,"column":4},"end":{"line":23,"column":null}},"6":{"start":{"line":25,"column":2},"end":{"line":27,"column":null}},"7":{"start":{"line":26,"column":4},"end":{"line":26,"column":null}},"8":{"start":{"line":29,"column":2},"end":{"line":29,"column":null}}},"fnMap":{"0":{"name":"verifyEmail","decl":{"start":{"line":12,"column":22},"end":{"line":12,"column":null}},"loc":{"start":{"line":15,"column":17},"end":{"line":30,"column":null}},"line":15}},"branchMap":{"0":{"loc":{"start":{"line":19,"column":2},"end":{"line":21,"column":null}},"type":"if","locations":[{"start":{"line":19,"column":2},"end":{"line":21,"column":null}},{"start":{},"end":{}}],"line":19},"1":{"loc":{"start":{"line":22,"column":2},"end":{"line":24,"column":null}},"type":"if","locations":[{"start":{"line":22,"column":2},"end":{"line":24,"column":null}},{"start":{},"end":{}}],"line":22},"2":{"loc":{"start":{"line":25,"column":2},"end":{"line":27,"column":null}},"type":"if","locations":[{"start":{"line":25,"column":2},"end":{"line":27,"column":null}},{"start":{},"end":{}}],"line":25}},"s":{"0":12,"1":12,"2":12,"3":2,"4":10,"5":4,"6":6,"7":2,"8":4},"f":{"0":12},"b":{"0":[2,10],"1":[4,6],"2":[2,4]},"meta":{"lastBranch":3,"lastFunction":1,"lastStatement":9,"seen":{"f:12:22:12:Infinity":0,"s:16:20:16:Infinity":0,"s:17:17:17:Infinity":1,"b:19:2:21:Infinity:undefined:undefined:undefined:undefined":0,"s:19:2:21:Infinity":2,"s:20:4:20:Infinity":3,"b:22:2:24:Infinity:undefined:undefined:undefined:undefined":1,"s:22:2:24:Infinity":4,"s:23:4:23:Infinity":5,"b:25:2:27:Infinity:undefined:undefined:undefined:undefined":2,"s:25:2:27:Infinity":6,"s:26:4:26:Infinity":7,"s:29:2:29:Infinity":8},"fnNames":{}}}
,"E:\\Zenly-Ecosystem\\server\\middleware\\00.request-context.ts": {"path":"E:\\Zenly-Ecosystem\\server\\middleware\\00.request-context.ts","statementMap":{"0":{"start":{"line":5,"column":20},"end":{"line":5,"column":38}},"1":{"start":{"line":6,"column":2},"end":{"line":6,"column":null}},"2":{"start":{"line":7,"column":2},"end":{"line":7,"column":null}}},"fnMap":{"0":{"name":"(anonymous_0)","decl":{"start":{"line":4,"column":15},"end":{"line":4,"column":35}},"loc":{"start":{"line":4,"column":45},"end":{"line":8,"column":1}},"line":4}},"branchMap":{},"s":{"0":119,"1":119,"2":119},"f":{"0":119},"b":{},"meta":{"lastBranch":0,"lastFunction":1,"lastStatement":3,"seen":{"f:4:15:4:35":0,"s:5:20:5:38":0,"s:6:2:6:Infinity":1,"s:7:2:7:Infinity":2},"fnNames":{}}}
,"E:\\Zenly-Ecosystem\\server\\middleware\\01.user-session.ts": {"path":"E:\\Zenly-Ecosystem\\server\\middleware\\01.user-session.ts","statementMap":{},"fnMap":{},"branchMap":{},"s":{},"f":{},"b":{},"meta":{"lastBranch":0,"lastFunction":0,"lastStatement":0,"seen":{},"fnNames":{}}}
,"E:\\Zenly-Ecosystem\\server\\middleware\\02.admin-session.ts": {"path":"E:\\Zenly-Ecosystem\\server\\middleware\\02.admin-session.ts","statementMap":{},"fnMap":{},"branchMap":{},"s":{},"f":{},"b":{},"meta":{"lastBranch":0,"lastFunction":0,"lastStatement":0,"seen":{},"fnNames":{}}}
,"E:\\Zenly-Ecosystem\\server\\plugins\\00.env-validate.ts": {"path":"E:\\Zenly-Ecosystem\\server\\plugins\\00.env-validate.ts","statementMap":{"0":{"start":{"line":4,"column":2},"end":{"line":4,"column":null}}},"fnMap":{"0":{"name":"(anonymous_0)","decl":{"start":{"line":3,"column":15},"end":{"line":3,"column":39}},"loc":{"start":{"line":3,"column":39},"end":{"line":5,"column":1}},"line":3}},"branchMap":{},"s":{"0":0},"f":{"0":0},"b":{},"meta":{"lastBranch":0,"lastFunction":1,"lastStatement":1,"seen":{"f:3:15:3:39":0,"s:4:2:4:Infinity":0},"fnNames":{}}}
,"E:\\Zenly-Ecosystem\\server\\utils\\error-envelope.ts": {"path":"E:\\Zenly-Ecosystem\\server\\utils\\error-envelope.ts","statementMap":{"0":{"start":{"line":1,"column":27},"end":{"line":9,"column":null}},"1":{"start":{"line":26,"column":2},"end":{"line":32,"column":null}}},"fnMap":{"0":{"name":"createErrorEnvelope","decl":{"start":{"line":21,"column":16},"end":{"line":21,"column":null}},"loc":{"start":{"line":25,"column":17},"end":{"line":33,"column":null}},"line":25}},"branchMap":{},"s":{"0":21,"1":92},"f":{"0":92},"b":{},"meta":{"lastBranch":0,"lastFunction":1,"lastStatement":2,"seen":{"s:1:27:9:Infinity":0,"f:21:16:21:Infinity":0,"s:26:2:32:Infinity":1},"fnNames":{}}}
,"E:\\Zenly-Ecosystem\\server\\utils\\request-context.ts": {"path":"E:\\Zenly-Ecosystem\\server\\utils\\request-context.ts","statementMap":{"0":{"start":{"line":4,"column":23},"end":{"line":4,"column":null}},"1":{"start":{"line":7,"column":2},"end":{"line":7,"column":null}},"2":{"start":{"line":11,"column":20},"end":{"line":11,"column":null}},"3":{"start":{"line":12,"column":2},"end":{"line":16,"column":null}},"4":{"start":{"line":13,"column":4},"end":{"line":15,"column":null}},"5":{"start":{"line":17,"column":2},"end":{"line":17,"column":null}},"6":{"start":{"line":21,"column":2},"end":{"line":21,"column":null}},"7":{"start":{"line":1,"column":9},"end":{"line":1,"column":null}}},"fnMap":{"0":{"name":"setRequestId","decl":{"start":{"line":6,"column":16},"end":{"line":6,"column":29}},"loc":{"start":{"line":6,"column":70},"end":{"line":8,"column":null}},"line":6},"1":{"name":"getRequestId","decl":{"start":{"line":10,"column":16},"end":{"line":10,"column":29}},"loc":{"start":{"line":10,"column":53},"end":{"line":18,"column":null}},"line":10},"2":{"name":"generateRequestId","decl":{"start":{"line":20,"column":16},"end":{"line":20,"column":44}},"loc":{"start":{"line":20,"column":44},"end":{"line":22,"column":null}},"line":20}},"branchMap":{"0":{"loc":{"start":{"line":12,"column":2},"end":{"line":16,"column":null}},"type":"if","locations":[{"start":{"line":12,"column":2},"end":{"line":16,"column":null}},{"start":{},"end":{}}],"line":12},"1":{"loc":{"start":{"line":12,"column":6},"end":{"line":12,"column":63}},"type":"binary-expr","locations":[{"start":{"line":12,"column":6},"end":{"line":12,"column":39}},{"start":{"line":12,"column":39},"end":{"line":12,"column":63}}],"line":12}},"s":{"0":21,"1":120,"2":86,"3":86,"4":1,"5":85,"6":122,"7":1},"f":{"0":120,"1":86,"2":122},"b":{"0":[1,85],"1":[86,85]},"meta":{"lastBranch":2,"lastFunction":3,"lastStatement":7,"seen":{"s:4:23:4:Infinity":0,"f:6:16:6:29":0,"s:7:2:7:Infinity":1,"f:10:16:10:29":1,"s:11:20:11:Infinity":2,"b:12:2:16:Infinity:undefined:undefined:undefined:undefined":0,"s:12:2:16:Infinity":3,"b:12:6:12:39:12:39:12:63":1,"s:13:4:15:Infinity":4,"s:17:2:17:Infinity":5,"f:20:16:20:44":2,"s:21:2:21:Infinity":6},"fnNames":{}}}
}
